Command line
python /home/dell/anaconda3/envs/chemprop/bin/chemprop_train --data_path MpPD.csv --dataset_type regression --save_dir LUMO_transfer --split_size 0.8 0.1 0.1 --checkpoint_dir PBDD_LUMO --dropout 0.2 --target_columns LUMO --epochs 70 --gpu 0 --seed 0 --num_folds 2
Args
{'activation': 'ReLU',
 'adding_h': False,
 'aggregation': 'mean',
 'aggregation_norm': 100,
 'atom_descriptor_scaling': True,
 'atom_descriptors': None,
 'atom_descriptors_path': None,
 'atom_descriptors_size': 0,
 'atom_features_size': 0,
 'atom_messages': False,
 'batch_size': 50,
 'bias': False,
 'bias_solvent': False,
 'bond_feature_scaling': True,
 'bond_features_path': None,
 'bond_features_size': 0,
 'cache_cutoff': 10000,
 'checkpoint_dir': 'PBDD_LUMO',
 'checkpoint_frzn': None,
 'checkpoint_path': None,
 'checkpoint_paths': ['PBDD_LUMO/fold_0/model_0/model.pt'],
 'class_balance': False,
 'config_path': None,
 'crossval_index_dir': None,
 'crossval_index_file': None,
 'crossval_index_sets': None,
 'cuda': True,
 'data_path': 'MpPD.csv',
 'data_weights_path': None,
 'dataset_type': 'regression',
 'depth': 3,
 'depth_solvent': 3,
 'device': device(type='cuda', index=0),
 'dropout': 0.2,
 'empty_cache': False,
 'ensemble_size': 1,
 'epochs': 70,
 'evidential_regularization': 0,
 'explicit_h': False,
 'extra_metrics': [],
 'features_generator': None,
 'features_only': False,
 'features_path': None,
 'features_scaling': True,
 'features_size': None,
 'ffn_hidden_size': 300,
 'ffn_num_layers': 2,
 'final_lr': 0.0001,
 'folds_file': None,
 'freeze_first_only': False,
 'frzn_ffn_layers': 0,
 'gpu': 0,
 'grad_clip': None,
 'hidden_size': 300,
 'hidden_size_solvent': 300,
 'ignore_columns': None,
 'init_lr': 0.0001,
 'log_frequency': 10,
 'loss_function': 'mse',
 'max_data_size': None,
 'max_lr': 0.001,
 'metric': 'rmse',
 'metrics': ['rmse'],
 'minimize_score': True,
 'mpn_shared': False,
 'multiclass_num_classes': 3,
 'no_atom_descriptor_scaling': False,
 'no_bond_features_scaling': False,
 'no_cache_mol': False,
 'no_cuda': False,
 'no_features_scaling': False,
 'num_folds': 2,
 'num_lrs': 1,
 'num_tasks': 1,
 'num_workers': 8,
 'number_of_molecules': 1,
 'overwrite_default_atom_features': False,
 'overwrite_default_bond_features': False,
 'phase_features_path': None,
 'pytorch_seed': 0,
 'quiet': False,
 'reaction': False,
 'reaction_mode': 'reac_diff',
 'reaction_solvent': False,
 'resume_experiment': False,
 'save_dir': 'LUMO_transfer',
 'save_preds': False,
 'save_smiles_splits': True,
 'seed': 0,
 'separate_test_atom_descriptors_path': None,
 'separate_test_bond_features_path': None,
 'separate_test_features_path': None,
 'separate_test_path': None,
 'separate_test_phase_features_path': None,
 'separate_val_atom_descriptors_path': None,
 'separate_val_bond_features_path': None,
 'separate_val_features_path': None,
 'separate_val_path': None,
 'separate_val_phase_features_path': None,
 'show_individual_scores': False,
 'smiles_columns': ['\ufeffsmiles'],
 'spectra_activation': 'exp',
 'spectra_phase_mask_path': None,
 'spectra_target_floor': 1e-08,
 'split_key_molecule': 0,
 'split_sizes': [0.8, 0.1, 0.1],
 'split_type': 'random',
 'target_columns': ['LUMO'],
 'target_weights': None,
 'task_names': ['LUMO'],
 'test': False,
 'test_fold_index': None,
 'train_data_size': None,
 'undirected': False,
 'use_input_features': False,
 'val_fold_index': None,
 'warmup_epochs': 2.0}
Setting molecule featurization parameters to default.
Loading data
Number of tasks = 1
Fold 0
Splitting data with seed 0
Total size = 361 | train size = 288 | val size = 36 | test size = 37
Fitting scaler
Loading model 0 from PBDD_LUMO/fold_0/model_0/model.pt
Loading pretrained parameter "encoder.encoder.0.cached_zero_vector".
Loading pretrained parameter "encoder.encoder.0.W_i.weight".
Loading pretrained parameter "encoder.encoder.0.W_h.weight".
Loading pretrained parameter "encoder.encoder.0.W_o.weight".
Loading pretrained parameter "encoder.encoder.0.W_o.bias".
Loading pretrained parameter "ffn.1.weight".
Loading pretrained parameter "ffn.1.bias".
Loading pretrained parameter "ffn.4.weight".
Loading pretrained parameter "ffn.4.bias".
Moving model to cuda
MoleculeModel(
  (encoder): MPN(
    (encoder): ModuleList(
      (0): MPNEncoder(
        (dropout_layer): Dropout(p=0.2, inplace=False)
        (act_func): ReLU()
        (W_i): Linear(in_features=147, out_features=300, bias=False)
        (W_h): Linear(in_features=300, out_features=300, bias=False)
        (W_o): Linear(in_features=433, out_features=300, bias=True)
      )
    )
  )
  (ffn): Sequential(
    (0): Dropout(p=0.2, inplace=False)
    (1): Linear(in_features=300, out_features=300, bias=True)
    (2): ReLU()
    (3): Dropout(p=0.2, inplace=False)
    (4): Linear(in_features=300, out_features=1, bias=True)
  )
)
Number of parameters = 355,201
Moving model to cuda
Epoch 0
Validation rmse = 0.317739
Epoch 1
Loss = 7.6762e-01, PNorm = 53.8251, GNorm = 1.5696, lr_0 = 9.8655e-04
Validation rmse = 0.283620
Epoch 2
Validation rmse = 0.267057
Epoch 3
Loss = 4.4791e-01, PNorm = 53.9463, GNorm = 0.9976, lr_0 = 9.2195e-04
Validation rmse = 0.227562
Epoch 4
Validation rmse = 0.200170
Epoch 5
Loss = 2.7813e-01, PNorm = 54.0314, GNorm = 0.9851, lr_0 = 8.5576e-04
Validation rmse = 0.180276
Epoch 6
Loss = 2.8766e-01, PNorm = 54.0852, GNorm = 0.7280, lr_0 = 7.9973e-04
Validation rmse = 0.165174
Epoch 7
Validation rmse = 0.157215
Epoch 8
Loss = 2.7451e-01, PNorm = 54.1213, GNorm = 0.7837, lr_0 = 7.4736e-04
Validation rmse = 0.148453
Epoch 9
Validation rmse = 0.146059
Epoch 10
Loss = 2.2511e-01, PNorm = 54.1525, GNorm = 0.7304, lr_0 = 6.9371e-04
Validation rmse = 0.140379
Epoch 11
Validation rmse = 0.139435
Epoch 12
Loss = 2.0398e-01, PNorm = 54.1769, GNorm = 0.5654, lr_0 = 6.4828e-04
Validation rmse = 0.138530
Epoch 13
Loss = 1.9032e-01, PNorm = 54.1999, GNorm = 0.4540, lr_0 = 6.0174e-04
Validation rmse = 0.139247
Epoch 14
Validation rmse = 0.135807
Epoch 15
Loss = 1.9831e-01, PNorm = 54.2158, GNorm = 1.1047, lr_0 = 5.6234e-04
Validation rmse = 0.136349
Epoch 16
Validation rmse = 0.134572
Epoch 17
Loss = 1.9677e-01, PNorm = 54.2328, GNorm = 0.6091, lr_0 = 5.2197e-04
Validation rmse = 0.133160
Epoch 18
Validation rmse = 0.136348
Epoch 19
Loss = 1.6159e-01, PNorm = 54.2498, GNorm = 0.3514, lr_0 = 4.8779e-04
Validation rmse = 0.131489
Epoch 20
Loss = 1.6713e-01, PNorm = 54.2687, GNorm = 0.5520, lr_0 = 4.5585e-04
Loss = 1.6032e-01, PNorm = 54.2706, GNorm = 0.6432, lr_0 = 4.5277e-04
Validation rmse = 0.131137
Epoch 21
Validation rmse = 0.131904
Epoch 22
Loss = 1.4739e-01, PNorm = 54.2873, GNorm = 0.6761, lr_0 = 4.2313e-04
Validation rmse = 0.131767
Epoch 23
Validation rmse = 0.133532
Epoch 24
Loss = 1.3980e-01, PNorm = 54.3022, GNorm = 0.5664, lr_0 = 3.9542e-04
Validation rmse = 0.129536
Epoch 25
Validation rmse = 0.131623
Epoch 26
Loss = 1.5770e-01, PNorm = 54.3189, GNorm = 0.7971, lr_0 = 3.6703e-04
Validation rmse = 0.133442
Epoch 27
Loss = 1.3830e-01, PNorm = 54.3334, GNorm = 0.6542, lr_0 = 3.4300e-04
Validation rmse = 0.129885
Epoch 28
Validation rmse = 0.128847
Epoch 29
Loss = 1.1043e-01, PNorm = 54.3475, GNorm = 0.5382, lr_0 = 3.2054e-04
Validation rmse = 0.131599
Epoch 30
Validation rmse = 0.129753
Epoch 31
Loss = 1.3483e-01, PNorm = 54.3632, GNorm = 0.6819, lr_0 = 2.9753e-04
Validation rmse = 0.124443
Epoch 32
Loss = 1.2860e-01, PNorm = 54.3763, GNorm = 0.5607, lr_0 = 2.7805e-04
Validation rmse = 0.129168
Epoch 33
Validation rmse = 0.126282
Epoch 34
Loss = 1.2386e-01, PNorm = 54.3916, GNorm = 0.9142, lr_0 = 2.5809e-04
Validation rmse = 0.130504
Epoch 35
Validation rmse = 0.127650
Epoch 36
Loss = 1.1720e-01, PNorm = 54.4049, GNorm = 0.5000, lr_0 = 2.4119e-04
Validation rmse = 0.124939
Epoch 37
Validation rmse = 0.130888
Epoch 38
Loss = 1.3226e-01, PNorm = 54.4178, GNorm = 0.5469, lr_0 = 2.2387e-04
Validation rmse = 0.130048
Epoch 39
Loss = 1.1248e-01, PNorm = 54.4299, GNorm = 0.5332, lr_0 = 2.0921e-04
Validation rmse = 0.125280
Epoch 40
Validation rmse = 0.126346
Epoch 41
Loss = 9.9422e-02, PNorm = 54.4401, GNorm = 1.0558, lr_0 = 1.9551e-04
Validation rmse = 0.125403
Epoch 42
Validation rmse = 0.127443
Epoch 43
Loss = 9.6782e-02, PNorm = 54.4509, GNorm = 0.4525, lr_0 = 1.8148e-04
Validation rmse = 0.126116
Epoch 44
Validation rmse = 0.124293
Epoch 45
Loss = 1.3290e-01, PNorm = 54.4604, GNorm = 0.7331, lr_0 = 1.6959e-04
Validation rmse = 0.124535
Epoch 46
Loss = 1.1802e-01, PNorm = 54.4700, GNorm = 0.5030, lr_0 = 1.5742e-04
Validation rmse = 0.129725
Epoch 47
Validation rmse = 0.130012
Epoch 48
Loss = 1.1573e-01, PNorm = 54.4792, GNorm = 0.6289, lr_0 = 1.4711e-04
Validation rmse = 0.124773
Epoch 49
Validation rmse = 0.125508
Epoch 50
Loss = 9.1925e-02, PNorm = 54.4875, GNorm = 0.5799, lr_0 = 1.3748e-04
Validation rmse = 0.128306
Epoch 51
Validation rmse = 0.126209
Epoch 52
Loss = 9.2333e-02, PNorm = 54.4956, GNorm = 0.4861, lr_0 = 1.2761e-04
Validation rmse = 0.123413
Epoch 53
Loss = 1.0295e-01, PNorm = 54.5032, GNorm = 0.3992, lr_0 = 1.1925e-04
Validation rmse = 0.125452
Epoch 54
Validation rmse = 0.126004
Epoch 55
Loss = 8.8379e-02, PNorm = 54.5115, GNorm = 0.7319, lr_0 = 1.1069e-04
Validation rmse = 0.125955
Epoch 56
Validation rmse = 0.124223
Epoch 57
Loss = 8.9276e-02, PNorm = 54.5184, GNorm = 1.0235, lr_0 = 1.0344e-04
Validation rmse = 0.125049
Epoch 58
Validation rmse = 0.123519
Epoch 59
Loss = 8.1304e-02, PNorm = 54.5249, GNorm = 0.5335, lr_0 = 1.0000e-04
Validation rmse = 0.123565
Epoch 60
Loss = 8.8515e-02, PNorm = 54.5311, GNorm = 0.8978, lr_0 = 1.0000e-04
Validation rmse = 0.125220
Epoch 61
Validation rmse = 0.124548
Epoch 62
Loss = 9.2964e-02, PNorm = 54.5370, GNorm = 0.3862, lr_0 = 1.0000e-04
Validation rmse = 0.124041
Epoch 63
Validation rmse = 0.125374
Epoch 64
Loss = 7.9772e-02, PNorm = 54.5436, GNorm = 0.4863, lr_0 = 1.0000e-04
Validation rmse = 0.125142
Epoch 65
Loss = 9.3527e-02, PNorm = 54.5503, GNorm = 0.4758, lr_0 = 1.0000e-04
Validation rmse = 0.123442
Epoch 66
Validation rmse = 0.123492
Epoch 67
Loss = 9.0061e-02, PNorm = 54.5578, GNorm = 0.3187, lr_0 = 1.0000e-04
Validation rmse = 0.123430
Epoch 68
Validation rmse = 0.123194
Epoch 69
Loss = 9.3713e-02, PNorm = 54.5650, GNorm = 0.4851, lr_0 = 1.0000e-04
Validation rmse = 0.122840
Model 0 best validation rmse = 0.122840 on epoch 69
Loading pretrained parameter "encoder.encoder.0.cached_zero_vector".
Loading pretrained parameter "encoder.encoder.0.W_i.weight".
Loading pretrained parameter "encoder.encoder.0.W_h.weight".
Loading pretrained parameter "encoder.encoder.0.W_o.weight".
Loading pretrained parameter "encoder.encoder.0.W_o.bias".
Loading pretrained parameter "ffn.1.weight".
Loading pretrained parameter "ffn.1.bias".
Loading pretrained parameter "ffn.4.weight".
Loading pretrained parameter "ffn.4.bias".
Moving model to cuda
Model 0 test rmse = 0.098692
Ensemble test rmse = 0.098692
Fold 1
Splitting data with seed 1
Total size = 361 | train size = 288 | val size = 36 | test size = 37
Fitting scaler
Loading model 0 from PBDD_LUMO/fold_0/model_0/model.pt
Loading pretrained parameter "encoder.encoder.0.cached_zero_vector".
Loading pretrained parameter "encoder.encoder.0.W_i.weight".
Loading pretrained parameter "encoder.encoder.0.W_h.weight".
Loading pretrained parameter "encoder.encoder.0.W_o.weight".
Loading pretrained parameter "encoder.encoder.0.W_o.bias".
Loading pretrained parameter "ffn.1.weight".
Loading pretrained parameter "ffn.1.bias".
Loading pretrained parameter "ffn.4.weight".
Loading pretrained parameter "ffn.4.bias".
Moving model to cuda
MoleculeModel(
  (encoder): MPN(
    (encoder): ModuleList(
      (0): MPNEncoder(
        (dropout_layer): Dropout(p=0.2, inplace=False)
        (act_func): ReLU()
        (W_i): Linear(in_features=147, out_features=300, bias=False)
        (W_h): Linear(in_features=300, out_features=300, bias=False)
        (W_o): Linear(in_features=433, out_features=300, bias=True)
      )
    )
  )
  (ffn): Sequential(
    (0): Dropout(p=0.2, inplace=False)
    (1): Linear(in_features=300, out_features=300, bias=True)
    (2): ReLU()
    (3): Dropout(p=0.2, inplace=False)
    (4): Linear(in_features=300, out_features=1, bias=True)
  )
)
Number of parameters = 355,201
Moving model to cuda
Epoch 0
Validation rmse = 0.397003
Epoch 1
Loss = 8.2682e-01, PNorm = 53.8252, GNorm = 1.0515, lr_0 = 9.8655e-04
Validation rmse = 0.199969
Epoch 2
Validation rmse = 0.192898
Epoch 3
Loss = 4.7795e-01, PNorm = 53.9431, GNorm = 1.2057, lr_0 = 9.2195e-04
Validation rmse = 0.181499
Epoch 4
Validation rmse = 0.169765
Epoch 5
Loss = 3.3365e-01, PNorm = 54.0288, GNorm = 0.5940, lr_0 = 8.5576e-04
Validation rmse = 0.155913
Epoch 6
Loss = 2.6455e-01, PNorm = 54.0803, GNorm = 1.2423, lr_0 = 7.9973e-04
Validation rmse = 0.154058
Epoch 7
Validation rmse = 0.158736
Epoch 8
Loss = 2.2207e-01, PNorm = 54.1128, GNorm = 0.6952, lr_0 = 7.4736e-04
Validation rmse = 0.151978
Epoch 9
Validation rmse = 0.150958
Epoch 10
Loss = 2.0025e-01, PNorm = 54.1419, GNorm = 1.0874, lr_0 = 6.9371e-04
Validation rmse = 0.151317
Epoch 11
Validation rmse = 0.146770
Epoch 12
Loss = 8.6505e-02, PNorm = 54.1635, GNorm = 0.3384, lr_0 = 6.4828e-04
Validation rmse = 0.145530
Epoch 13
Loss = 1.8631e-01, PNorm = 54.1873, GNorm = 1.0661, lr_0 = 6.0174e-04
Validation rmse = 0.143906
Epoch 14
Validation rmse = 0.142713
Epoch 15
Loss = 1.6695e-01, PNorm = 54.2025, GNorm = 0.4687, lr_0 = 5.6234e-04
Validation rmse = 0.141944
Epoch 16
Validation rmse = 0.138731
Epoch 17
Loss = 1.4865e-01, PNorm = 54.2194, GNorm = 1.0331, lr_0 = 5.2197e-04
Validation rmse = 0.137115
Epoch 18
Validation rmse = 0.134675
Epoch 19
Loss = 1.6936e-01, PNorm = 54.2322, GNorm = 0.9844, lr_0 = 4.8779e-04
Validation rmse = 0.133833
Epoch 20
Loss = 1.4449e-01, PNorm = 54.2461, GNorm = 0.4782, lr_0 = 4.5585e-04
Loss = 1.2953e-01, PNorm = 54.2473, GNorm = 0.6574, lr_0 = 4.5277e-04
Validation rmse = 0.131457
Epoch 21
Validation rmse = 0.131542
Epoch 22
Loss = 1.3261e-01, PNorm = 54.2603, GNorm = 0.5066, lr_0 = 4.2313e-04
Validation rmse = 0.129035
Epoch 23
Validation rmse = 0.126894
Epoch 24
Loss = 1.5206e-01, PNorm = 54.2704, GNorm = 0.6448, lr_0 = 3.9542e-04
Validation rmse = 0.125834
Epoch 25
Validation rmse = 0.124621
Epoch 26
Loss = 1.5462e-01, PNorm = 54.2814, GNorm = 0.6216, lr_0 = 3.6703e-04
Validation rmse = 0.123677
Epoch 27
Loss = 1.3068e-01, PNorm = 54.2910, GNorm = 0.4617, lr_0 = 3.4300e-04
Validation rmse = 0.124594
Epoch 28
Validation rmse = 0.121924
Epoch 29
Loss = 1.5083e-01, PNorm = 54.2980, GNorm = 0.6306, lr_0 = 3.2054e-04
Validation rmse = 0.120688
Epoch 30
Validation rmse = 0.119939
Epoch 31
Loss = 1.0547e-01, PNorm = 54.3096, GNorm = 0.5119, lr_0 = 2.9753e-04
Validation rmse = 0.118594
Epoch 32
Loss = 1.3188e-01, PNorm = 54.3204, GNorm = 0.5110, lr_0 = 2.7805e-04
Validation rmse = 0.118038
Epoch 33
Validation rmse = 0.116983
Epoch 34
Loss = 1.2493e-01, PNorm = 54.3307, GNorm = 0.3517, lr_0 = 2.5809e-04
Validation rmse = 0.114717
Epoch 35
Validation rmse = 0.112641
Epoch 36
Loss = 1.3236e-01, PNorm = 54.3390, GNorm = 0.5705, lr_0 = 2.4119e-04
Validation rmse = 0.111539
Epoch 37
Validation rmse = 0.111296
Epoch 38
Loss = 7.6796e-02, PNorm = 54.3506, GNorm = 0.4767, lr_0 = 2.2387e-04
Validation rmse = 0.109966
Epoch 39
Loss = 1.0945e-01, PNorm = 54.3606, GNorm = 0.8119, lr_0 = 2.0921e-04
Validation rmse = 0.108527
Epoch 40
Validation rmse = 0.108195
Epoch 41
Loss = 1.0007e-01, PNorm = 54.3703, GNorm = 0.4430, lr_0 = 1.9551e-04
Validation rmse = 0.107534
Epoch 42
Validation rmse = 0.107049
Epoch 43
Loss = 1.2173e-01, PNorm = 54.3803, GNorm = 0.5019, lr_0 = 1.8148e-04
Validation rmse = 0.106652
Epoch 44
Validation rmse = 0.106623
Epoch 45
Loss = 1.0374e-01, PNorm = 54.3895, GNorm = 0.7810, lr_0 = 1.6959e-04
Validation rmse = 0.107170
Epoch 46
Loss = 1.1628e-01, PNorm = 54.3976, GNorm = 0.5380, lr_0 = 1.5742e-04
Validation rmse = 0.105490
Epoch 47
Validation rmse = 0.104455
Epoch 48
Loss = 1.0614e-01, PNorm = 54.4054, GNorm = 0.5166, lr_0 = 1.4711e-04
Validation rmse = 0.105319
Epoch 49
Validation rmse = 0.104444
Epoch 50
Loss = 1.0416e-01, PNorm = 54.4127, GNorm = 0.5657, lr_0 = 1.3748e-04
Validation rmse = 0.103649
Epoch 51
Validation rmse = 0.103235
Epoch 52
Loss = 8.8570e-02, PNorm = 54.4199, GNorm = 0.4685, lr_0 = 1.2761e-04
Validation rmse = 0.102996
Epoch 53
Loss = 9.4372e-02, PNorm = 54.4265, GNorm = 0.4198, lr_0 = 1.1925e-04
Validation rmse = 0.102221
Epoch 54
Validation rmse = 0.101657
Epoch 55
Loss = 9.2668e-02, PNorm = 54.4334, GNorm = 0.5319, lr_0 = 1.1069e-04
Validation rmse = 0.101404
Epoch 56
Validation rmse = 0.101087
Epoch 57
Loss = 8.9254e-02, PNorm = 54.4392, GNorm = 0.5035, lr_0 = 1.0344e-04
Validation rmse = 0.101026
Epoch 58
Validation rmse = 0.100820
Epoch 59
Loss = 6.4035e-02, PNorm = 54.4456, GNorm = 0.3459, lr_0 = 1.0000e-04
Validation rmse = 0.100661
Epoch 60
Loss = 1.0154e-01, PNorm = 54.4508, GNorm = 0.4871, lr_0 = 1.0000e-04
Validation rmse = 0.100301
Epoch 61
Validation rmse = 0.100122
Epoch 62
Loss = 1.1000e-01, PNorm = 54.4566, GNorm = 0.5106, lr_0 = 1.0000e-04
Validation rmse = 0.099509
Epoch 63
Validation rmse = 0.099031
Epoch 64
Loss = 8.9104e-02, PNorm = 54.4626, GNorm = 0.4654, lr_0 = 1.0000e-04
Validation rmse = 0.099119
Epoch 65
Loss = 9.5370e-02, PNorm = 54.4682, GNorm = 0.7206, lr_0 = 1.0000e-04
Validation rmse = 0.099202
Epoch 66
Validation rmse = 0.098827
Epoch 67
Loss = 9.3639e-02, PNorm = 54.4751, GNorm = 0.4964, lr_0 = 1.0000e-04
Validation rmse = 0.098225
Epoch 68
Validation rmse = 0.097442
Epoch 69
Loss = 9.6068e-02, PNorm = 54.4806, GNorm = 0.4304, lr_0 = 1.0000e-04
Validation rmse = 0.097137
Model 0 best validation rmse = 0.097137 on epoch 69
Loading pretrained parameter "encoder.encoder.0.cached_zero_vector".
Loading pretrained parameter "encoder.encoder.0.W_i.weight".
Loading pretrained parameter "encoder.encoder.0.W_h.weight".
Loading pretrained parameter "encoder.encoder.0.W_o.weight".
Loading pretrained parameter "encoder.encoder.0.W_o.bias".
Loading pretrained parameter "ffn.1.weight".
Loading pretrained parameter "ffn.1.bias".
Loading pretrained parameter "ffn.4.weight".
Loading pretrained parameter "ffn.4.bias".
Moving model to cuda
Model 0 test rmse = 0.119165
Ensemble test rmse = 0.119165
2-fold cross validation
	Seed 0 ==> test rmse = 0.098692
	Seed 1 ==> test rmse = 0.119165
Overall test rmse = 0.108928 +/- 0.010236
Elapsed time = 0:01:05
