Command line
python /home/dell/anaconda3/envs/chemprop/bin/chemprop_train --data_path SMILES-E_gap.csv --dataset_type regression --save_dir HOMO --split_size 0.8 0.1 0.1 --dropout 0.2 --target_columns HOMO --epochs 300 --gpu 0 --seed 0
Args
{'activation': 'ReLU',
 'adding_h': False,
 'aggregation': 'mean',
 'aggregation_norm': 100,
 'atom_descriptor_scaling': True,
 'atom_descriptors': None,
 'atom_descriptors_path': None,
 'atom_descriptors_size': 0,
 'atom_features_size': 0,
 'atom_messages': False,
 'batch_size': 50,
 'bias': False,
 'bias_solvent': False,
 'bond_feature_scaling': True,
 'bond_features_path': None,
 'bond_features_size': 0,
 'cache_cutoff': 10000,
 'checkpoint_dir': None,
 'checkpoint_frzn': None,
 'checkpoint_path': None,
 'checkpoint_paths': None,
 'class_balance': False,
 'config_path': None,
 'crossval_index_dir': None,
 'crossval_index_file': None,
 'crossval_index_sets': None,
 'cuda': True,
 'data_path': 'SMILES-E_gap.csv',
 'data_weights_path': None,
 'dataset_type': 'regression',
 'depth': 3,
 'depth_solvent': 3,
 'device': device(type='cuda', index=0),
 'dropout': 0.2,
 'empty_cache': False,
 'ensemble_size': 1,
 'epochs': 300,
 'evidential_regularization': 0,
 'explicit_h': False,
 'extra_metrics': [],
 'features_generator': None,
 'features_only': False,
 'features_path': None,
 'features_scaling': True,
 'features_size': None,
 'ffn_hidden_size': 300,
 'ffn_num_layers': 2,
 'final_lr': 0.0001,
 'folds_file': None,
 'freeze_first_only': False,
 'frzn_ffn_layers': 0,
 'gpu': 0,
 'grad_clip': None,
 'hidden_size': 300,
 'hidden_size_solvent': 300,
 'ignore_columns': None,
 'init_lr': 0.0001,
 'log_frequency': 10,
 'loss_function': 'mse',
 'max_data_size': None,
 'max_lr': 0.001,
 'metric': 'rmse',
 'metrics': ['rmse'],
 'minimize_score': True,
 'mpn_shared': False,
 'multiclass_num_classes': 3,
 'no_atom_descriptor_scaling': False,
 'no_bond_features_scaling': False,
 'no_cache_mol': False,
 'no_cuda': False,
 'no_features_scaling': False,
 'num_folds': 1,
 'num_lrs': 1,
 'num_tasks': 1,
 'num_workers': 8,
 'number_of_molecules': 1,
 'overwrite_default_atom_features': False,
 'overwrite_default_bond_features': False,
 'phase_features_path': None,
 'pytorch_seed': 0,
 'quiet': False,
 'reaction': False,
 'reaction_mode': 'reac_diff',
 'reaction_solvent': False,
 'resume_experiment': False,
 'save_dir': 'HOMO',
 'save_preds': False,
 'save_smiles_splits': True,
 'seed': 0,
 'separate_test_atom_descriptors_path': None,
 'separate_test_bond_features_path': None,
 'separate_test_features_path': None,
 'separate_test_path': None,
 'separate_test_phase_features_path': None,
 'separate_val_atom_descriptors_path': None,
 'separate_val_bond_features_path': None,
 'separate_val_features_path': None,
 'separate_val_path': None,
 'separate_val_phase_features_path': None,
 'show_individual_scores': False,
 'smiles_columns': ['\ufeffsmiles'],
 'spectra_activation': 'exp',
 'spectra_phase_mask_path': None,
 'spectra_target_floor': 1e-08,
 'split_key_molecule': 0,
 'split_sizes': [0.8, 0.1, 0.1],
 'split_type': 'random',
 'target_columns': ['HOMO'],
 'target_weights': None,
 'task_names': ['HOMO'],
 'test': False,
 'test_fold_index': None,
 'train_data_size': None,
 'undirected': False,
 'use_input_features': False,
 'val_fold_index': None,
 'warmup_epochs': 2.0}
Setting molecule featurization parameters to default.
Loading data
Number of tasks = 1
Fold 0
Splitting data with seed 0
Total size = 361 | train size = 288 | val size = 36 | test size = 37
Fitting scaler
Building model 0
MoleculeModel(
  (encoder): MPN(
    (encoder): ModuleList(
      (0): MPNEncoder(
        (dropout_layer): Dropout(p=0.2, inplace=False)
        (act_func): ReLU()
        (W_i): Linear(in_features=147, out_features=300, bias=False)
        (W_h): Linear(in_features=300, out_features=300, bias=False)
        (W_o): Linear(in_features=433, out_features=300, bias=True)
      )
    )
  )
  (ffn): Sequential(
    (0): Dropout(p=0.2, inplace=False)
    (1): Linear(in_features=300, out_features=300, bias=True)
    (2): ReLU()
    (3): Dropout(p=0.2, inplace=False)
    (4): Linear(in_features=300, out_features=1, bias=True)
  )
)
Number of parameters = 355,201
Moving model to cuda
Epoch 0
Validation rmse = 0.375153
Epoch 1
Loss = 1.0167e+00, PNorm = 34.0299, GNorm = 4.0159, lr_0 = 9.9691e-04
Validation rmse = 0.340426
Epoch 2
Validation rmse = 0.322035
Epoch 3
Loss = 7.2607e-01, PNorm = 34.0985, GNorm = 2.3766, lr_0 = 9.8163e-04
Validation rmse = 0.333371
Epoch 4
Validation rmse = 0.271826
Epoch 5
Loss = 5.5038e-01, PNorm = 34.1808, GNorm = 6.1791, lr_0 = 9.6508e-04
Validation rmse = 0.235798
Epoch 6
Loss = 3.7141e-01, PNorm = 34.2756, GNorm = 3.4802, lr_0 = 9.5028e-04
Validation rmse = 0.230852
Epoch 7
Validation rmse = 0.197721
Epoch 8
Loss = 3.4023e-01, PNorm = 34.3339, GNorm = 1.0458, lr_0 = 9.3571e-04
Validation rmse = 0.177996
Epoch 9
Validation rmse = 0.156381
Epoch 10
Loss = 2.6169e-01, PNorm = 34.3937, GNorm = 2.3716, lr_0 = 9.1994e-04
Validation rmse = 0.159885
Epoch 11
Validation rmse = 0.148986
Epoch 12
Loss = 2.3445e-01, PNorm = 34.4456, GNorm = 3.2808, lr_0 = 9.0583e-04
Validation rmse = 0.129382
Epoch 13
Loss = 1.6652e-01, PNorm = 34.5115, GNorm = 2.4016, lr_0 = 8.9056e-04
Validation rmse = 0.120116
Epoch 14
Validation rmse = 0.116610
Epoch 15
Loss = 1.5332e-01, PNorm = 34.5643, GNorm = 3.6674, lr_0 = 8.7691e-04
Validation rmse = 0.104124
Epoch 16
Validation rmse = 0.128530
Epoch 17
Loss = 1.3198e-01, PNorm = 34.6253, GNorm = 1.5601, lr_0 = 8.6213e-04
Validation rmse = 0.091221
Epoch 18
Validation rmse = 0.075305
Epoch 19
Loss = 1.0185e-01, PNorm = 34.6819, GNorm = 1.3095, lr_0 = 8.4890e-04
Validation rmse = 0.082333
Epoch 20
Loss = 7.3380e-02, PNorm = 34.7227, GNorm = 1.0987, lr_0 = 8.3589e-04
Loss = 5.0617e-02, PNorm = 34.7258, GNorm = 1.1439, lr_0 = 8.3460e-04
Validation rmse = 0.057105
Epoch 21
Validation rmse = 0.050664
Epoch 22
Loss = 4.6715e-02, PNorm = 34.7591, GNorm = 0.8808, lr_0 = 8.2180e-04
Validation rmse = 0.071392
Epoch 23
Validation rmse = 0.052254
Epoch 24
Loss = 4.5268e-02, PNorm = 34.7751, GNorm = 0.4324, lr_0 = 8.0920e-04
Validation rmse = 0.054172
Epoch 25
Validation rmse = 0.070529
Epoch 26
Loss = 4.7015e-02, PNorm = 34.7928, GNorm = 1.2751, lr_0 = 7.9556e-04
Validation rmse = 0.050215
Epoch 27
Loss = 5.3193e-02, PNorm = 34.8036, GNorm = 0.5619, lr_0 = 7.8336e-04
Validation rmse = 0.049479
Epoch 28
Validation rmse = 0.047964
Epoch 29
Loss = 4.2085e-02, PNorm = 34.8242, GNorm = 0.3896, lr_0 = 7.7134e-04
Validation rmse = 0.057345
Epoch 30
Validation rmse = 0.051354
Epoch 31
Loss = 3.1958e-02, PNorm = 34.8413, GNorm = 1.6937, lr_0 = 7.5834e-04
Validation rmse = 0.064284
Epoch 32
Loss = 5.2964e-02, PNorm = 34.8458, GNorm = 1.9339, lr_0 = 7.4671e-04
Validation rmse = 0.055640
Epoch 33
Validation rmse = 0.058129
Epoch 34
Loss = 4.7982e-02, PNorm = 34.8596, GNorm = 1.5018, lr_0 = 7.3413e-04
Validation rmse = 0.064113
Epoch 35
Validation rmse = 0.049167
Epoch 36
Loss = 4.8591e-02, PNorm = 34.8759, GNorm = 1.4739, lr_0 = 7.2287e-04
Validation rmse = 0.049371
Epoch 37
Validation rmse = 0.058086
Epoch 38
Loss = 4.1996e-02, PNorm = 34.8859, GNorm = 0.8907, lr_0 = 7.1069e-04
Validation rmse = 0.047694
Epoch 39
Loss = 4.3240e-02, PNorm = 34.8970, GNorm = 0.7759, lr_0 = 6.9979e-04
Validation rmse = 0.065600
Epoch 40
Validation rmse = 0.054760
Epoch 41
Loss = 3.1953e-02, PNorm = 34.9092, GNorm = 0.6347, lr_0 = 6.8906e-04
Validation rmse = 0.051087
Epoch 42
Validation rmse = 0.048578
Epoch 43
Loss = 2.5576e-02, PNorm = 34.9223, GNorm = 0.2588, lr_0 = 6.7744e-04
Validation rmse = 0.050907
Epoch 44
Validation rmse = 0.051845
Epoch 45
Loss = 3.2093e-02, PNorm = 34.9317, GNorm = 0.6578, lr_0 = 6.6705e-04
Validation rmse = 0.054817
Epoch 46
Loss = 4.2222e-02, PNorm = 34.9453, GNorm = 1.1684, lr_0 = 6.5581e-04
Validation rmse = 0.049132
Epoch 47
Validation rmse = 0.048705
Epoch 48
Loss = 3.8807e-02, PNorm = 34.9522, GNorm = 1.0631, lr_0 = 6.4575e-04
Validation rmse = 0.058833
Epoch 49
Validation rmse = 0.048496
Epoch 50
Loss = 3.9560e-02, PNorm = 34.9640, GNorm = 0.3866, lr_0 = 6.3585e-04
Validation rmse = 0.050227
Epoch 51
Validation rmse = 0.050644
Epoch 52
Loss = 1.8472e-02, PNorm = 34.9774, GNorm = 0.4108, lr_0 = 6.2513e-04
Validation rmse = 0.049395
Epoch 53
Loss = 2.8671e-02, PNorm = 34.9868, GNorm = 0.7870, lr_0 = 6.1555e-04
Validation rmse = 0.048474
Epoch 54
Validation rmse = 0.056065
Epoch 55
Loss = 3.1775e-02, PNorm = 35.0003, GNorm = 0.3796, lr_0 = 6.0517e-04
Validation rmse = 0.048857
Epoch 56
Validation rmse = 0.050569
Epoch 57
Loss = 2.9693e-02, PNorm = 35.0100, GNorm = 0.4056, lr_0 = 5.9589e-04
Validation rmse = 0.047484
Epoch 58
Validation rmse = 0.053304
Epoch 59
Loss = 3.2462e-02, PNorm = 35.0174, GNorm = 0.7752, lr_0 = 5.8585e-04
Validation rmse = 0.051847
Epoch 60
Loss = 3.0963e-02, PNorm = 35.0282, GNorm = 0.2500, lr_0 = 5.7686e-04
Validation rmse = 0.048287
Epoch 61
Validation rmse = 0.050255
Epoch 62
Loss = 3.1957e-02, PNorm = 35.0383, GNorm = 0.4018, lr_0 = 5.6802e-04
Validation rmse = 0.046709
Epoch 63
Validation rmse = 0.050879
Epoch 64
Loss = 3.3996e-02, PNorm = 35.0502, GNorm = 0.3204, lr_0 = 5.5844e-04
Validation rmse = 0.049275
Epoch 65
Loss = 2.5688e-02, PNorm = 35.0644, GNorm = 0.2289, lr_0 = 5.4988e-04
Validation rmse = 0.047565
Epoch 66
Validation rmse = 0.052465
Epoch 67
Loss = 2.7525e-02, PNorm = 35.0739, GNorm = 0.4601, lr_0 = 5.4061e-04
Validation rmse = 0.047926
Epoch 68
Validation rmse = 0.050052
Epoch 69
Loss = 2.2889e-02, PNorm = 35.0854, GNorm = 0.4859, lr_0 = 5.3232e-04
Validation rmse = 0.052231
Epoch 70
Validation rmse = 0.049942
Epoch 71
Loss = 2.4346e-02, PNorm = 35.0941, GNorm = 0.2240, lr_0 = 5.2335e-04
Validation rmse = 0.052274
Epoch 72
Loss = 2.3835e-02, PNorm = 35.1034, GNorm = 0.1821, lr_0 = 5.1532e-04
Validation rmse = 0.052740
Epoch 73
Validation rmse = 0.053127
Epoch 74
Loss = 2.4528e-02, PNorm = 35.1134, GNorm = 0.4925, lr_0 = 5.0742e-04
Validation rmse = 0.051817
Epoch 75
Validation rmse = 0.049019
Epoch 76
Loss = 2.0406e-02, PNorm = 35.1268, GNorm = 0.2178, lr_0 = 4.9887e-04
Validation rmse = 0.049727
Epoch 77
Validation rmse = 0.049582
Epoch 78
Loss = 2.1609e-02, PNorm = 35.1378, GNorm = 0.2616, lr_0 = 4.9122e-04
Validation rmse = 0.052904
Epoch 79
Loss = 2.1250e-02, PNorm = 35.1455, GNorm = 0.2270, lr_0 = 4.8369e-04
Loss = 2.7366e-02, PNorm = 35.1457, GNorm = 0.7092, lr_0 = 4.8294e-04
Validation rmse = 0.048426
Epoch 80
Validation rmse = 0.046991
Epoch 81
Loss = 2.3374e-02, PNorm = 35.1562, GNorm = 0.9226, lr_0 = 4.7553e-04
Validation rmse = 0.050185
Epoch 82
Validation rmse = 0.051613
Epoch 83
Loss = 2.2845e-02, PNorm = 35.1656, GNorm = 0.4329, lr_0 = 4.6824e-04
Validation rmse = 0.049742
Epoch 84
Validation rmse = 0.047347
Epoch 85
Loss = 2.6670e-02, PNorm = 35.1764, GNorm = 0.2949, lr_0 = 4.6035e-04
Validation rmse = 0.047431
Epoch 86
Loss = 2.6409e-02, PNorm = 35.1858, GNorm = 0.3796, lr_0 = 4.5329e-04
Validation rmse = 0.047665
Epoch 87
Validation rmse = 0.046492
Epoch 88
Loss = 1.9669e-02, PNorm = 35.1965, GNorm = 0.4629, lr_0 = 4.4565e-04
Validation rmse = 0.047011
Epoch 89
Validation rmse = 0.046823
Epoch 90
Loss = 3.1045e-02, PNorm = 35.2071, GNorm = 0.2786, lr_0 = 4.3882e-04
Validation rmse = 0.045861
Epoch 91
Validation rmse = 0.048379
Epoch 92
Loss = 2.0324e-02, PNorm = 35.2174, GNorm = 0.4465, lr_0 = 4.3142e-04
Validation rmse = 0.047586
Epoch 93
Loss = 2.3168e-02, PNorm = 35.2219, GNorm = 0.2757, lr_0 = 4.2480e-04
Validation rmse = 0.045123
Epoch 94
Validation rmse = 0.047027
Epoch 95
Loss = 2.2045e-02, PNorm = 35.2290, GNorm = 0.3335, lr_0 = 4.1829e-04
Validation rmse = 0.046695
Epoch 96
Validation rmse = 0.045993
Epoch 97
Loss = 2.2674e-02, PNorm = 35.2385, GNorm = 0.2581, lr_0 = 4.1124e-04
Validation rmse = 0.044106
Epoch 98
Loss = 2.0967e-02, PNorm = 35.2497, GNorm = 0.6748, lr_0 = 4.0493e-04
Validation rmse = 0.048725
Epoch 99
Validation rmse = 0.048836
Epoch 100
Loss = 2.0721e-02, PNorm = 35.2544, GNorm = 0.4294, lr_0 = 3.9872e-04
Validation rmse = 0.047033
Epoch 101
Validation rmse = 0.046379
Epoch 102
Loss = 2.2463e-02, PNorm = 35.2623, GNorm = 0.2313, lr_0 = 3.9200e-04
Validation rmse = 0.045451
Epoch 103
Validation rmse = 0.049867
Epoch 104
Loss = 1.5178e-02, PNorm = 35.2691, GNorm = 0.4756, lr_0 = 3.8599e-04
Validation rmse = 0.045706
Epoch 105
Loss = 2.5284e-02, PNorm = 35.2769, GNorm = 0.9269, lr_0 = 3.7949e-04
Validation rmse = 0.045954
Epoch 106
Validation rmse = 0.043798
Epoch 107
Loss = 1.8083e-02, PNorm = 35.2862, GNorm = 0.4421, lr_0 = 3.7367e-04
Validation rmse = 0.044222
Epoch 108
Validation rmse = 0.044293
Epoch 109
Loss = 2.1493e-02, PNorm = 35.2924, GNorm = 0.4137, lr_0 = 3.6737e-04
Validation rmse = 0.044034
Epoch 110
Validation rmse = 0.045525
Epoch 111
Loss = 1.6118e-02, PNorm = 35.2996, GNorm = 0.1629, lr_0 = 3.6173e-04
Validation rmse = 0.045845
Epoch 112
Loss = 2.0496e-02, PNorm = 35.3085, GNorm = 0.1769, lr_0 = 3.5619e-04
Loss = 2.9606e-02, PNorm = 35.3089, GNorm = 0.7508, lr_0 = 3.5564e-04
Validation rmse = 0.045314
Epoch 113
Validation rmse = 0.043449
Epoch 114
Loss = 2.1350e-02, PNorm = 35.3155, GNorm = 0.2474, lr_0 = 3.5018e-04
Validation rmse = 0.045648
Epoch 115
Validation rmse = 0.042704
Epoch 116
Loss = 1.8373e-02, PNorm = 35.3208, GNorm = 0.2249, lr_0 = 3.4481e-04
Validation rmse = 0.041759
Epoch 117
Validation rmse = 0.043488
Epoch 118
Loss = 1.7550e-02, PNorm = 35.3272, GNorm = 0.4373, lr_0 = 3.3900e-04
Validation rmse = 0.043239
Epoch 119
Loss = 1.9320e-02, PNorm = 35.3332, GNorm = 0.5538, lr_0 = 3.3380e-04
Validation rmse = 0.042277
Epoch 120
Validation rmse = 0.045178
Epoch 121
Loss = 1.8277e-02, PNorm = 35.3434, GNorm = 0.3050, lr_0 = 3.2818e-04
Validation rmse = 0.043515
Epoch 122
Validation rmse = 0.045641
Epoch 123
Loss = 1.5645e-02, PNorm = 35.3492, GNorm = 0.4460, lr_0 = 3.2314e-04
Validation rmse = 0.048131
Epoch 124
Loss = 2.2016e-02, PNorm = 35.3514, GNorm = 0.9247, lr_0 = 3.1819e-04
Validation rmse = 0.046470
Epoch 125
Validation rmse = 0.045669
Epoch 126
Loss = 2.4196e-02, PNorm = 35.3597, GNorm = 0.6712, lr_0 = 3.1283e-04
Validation rmse = 0.046292
Epoch 127
Validation rmse = 0.046909
Epoch 128
Loss = 1.9639e-02, PNorm = 35.3645, GNorm = 0.6502, lr_0 = 3.0803e-04
Validation rmse = 0.051116
Epoch 129
Validation rmse = 0.051210
Epoch 130
Loss = 2.4033e-02, PNorm = 35.3698, GNorm = 0.4766, lr_0 = 3.0284e-04
Validation rmse = 0.045048
Epoch 131
Loss = 1.9851e-02, PNorm = 35.3788, GNorm = 0.5035, lr_0 = 2.9819e-04
Validation rmse = 0.045843
Epoch 132
Validation rmse = 0.043571
Epoch 133
Loss = 2.0099e-02, PNorm = 35.3824, GNorm = 0.3038, lr_0 = 2.9362e-04
Validation rmse = 0.041927
Epoch 134
Validation rmse = 0.041254
Epoch 135
Loss = 1.7281e-02, PNorm = 35.3888, GNorm = 0.2778, lr_0 = 2.8867e-04
Validation rmse = 0.040732
Epoch 136
Validation rmse = 0.041237
Epoch 137
Loss = 1.3295e-02, PNorm = 35.3906, GNorm = 0.3078, lr_0 = 2.8424e-04
Validation rmse = 0.044833
Epoch 138
Loss = 1.8961e-02, PNorm = 35.3947, GNorm = 0.2273, lr_0 = 2.7945e-04
Validation rmse = 0.042856
Epoch 139
Validation rmse = 0.043170
Epoch 140
Loss = 2.0566e-02, PNorm = 35.4002, GNorm = 1.0042, lr_0 = 2.7517e-04
Validation rmse = 0.043016
Epoch 141
Validation rmse = 0.042993
Epoch 142
Loss = 1.7589e-02, PNorm = 35.4049, GNorm = 0.2597, lr_0 = 2.7053e-04
Validation rmse = 0.043431
Epoch 143
Validation rmse = 0.043210
Epoch 144
Loss = 2.3683e-02, PNorm = 35.4090, GNorm = 0.3160, lr_0 = 2.6638e-04
Validation rmse = 0.043974
Epoch 145
Loss = 2.0338e-02, PNorm = 35.4122, GNorm = 0.3949, lr_0 = 2.6230e-04
Loss = 2.1012e-02, PNorm = 35.4123, GNorm = 0.4666, lr_0 = 2.6189e-04
Validation rmse = 0.043186
Epoch 146
Validation rmse = 0.042900
Epoch 147
Loss = 1.5696e-02, PNorm = 35.4165, GNorm = 0.2212, lr_0 = 2.5788e-04
Validation rmse = 0.044008
Epoch 148
Validation rmse = 0.043707
Epoch 149
Loss = 1.8870e-02, PNorm = 35.4214, GNorm = 0.4432, lr_0 = 2.5392e-04
Validation rmse = 0.041367
Epoch 150
Validation rmse = 0.040659
Epoch 151
Loss = 1.7580e-02, PNorm = 35.4265, GNorm = 0.1563, lr_0 = 2.4964e-04
Validation rmse = 0.041275
Epoch 152
Loss = 2.0900e-02, PNorm = 35.4313, GNorm = 0.2888, lr_0 = 2.4581e-04
Validation rmse = 0.040866
Epoch 153
Validation rmse = 0.041782
Epoch 154
Loss = 2.0287e-02, PNorm = 35.4353, GNorm = 0.1993, lr_0 = 2.4204e-04
Validation rmse = 0.042675
Epoch 155
Validation rmse = 0.042580
Epoch 156
Loss = 1.1712e-02, PNorm = 35.4400, GNorm = 0.2131, lr_0 = 2.3796e-04
Validation rmse = 0.043064
Epoch 157
Loss = 1.6646e-02, PNorm = 35.4412, GNorm = 0.1624, lr_0 = 2.3431e-04
Validation rmse = 0.042520
Epoch 158
Validation rmse = 0.042514
Epoch 159
Loss = 1.7048e-02, PNorm = 35.4463, GNorm = 0.3387, lr_0 = 2.3036e-04
Validation rmse = 0.042698
Epoch 160
Validation rmse = 0.042634
Epoch 161
Loss = 1.4921e-02, PNorm = 35.4508, GNorm = 0.1513, lr_0 = 2.2683e-04
Validation rmse = 0.043248
Epoch 162
Validation rmse = 0.044076
Epoch 163
Loss = 2.1917e-02, PNorm = 35.4551, GNorm = 0.4585, lr_0 = 2.2301e-04
Validation rmse = 0.042334
Epoch 164
Loss = 1.9346e-02, PNorm = 35.4594, GNorm = 0.6231, lr_0 = 2.1959e-04
Validation rmse = 0.040675
Epoch 165
Validation rmse = 0.041506
Epoch 166
Loss = 1.7712e-02, PNorm = 35.4634, GNorm = 0.2814, lr_0 = 2.1622e-04
Validation rmse = 0.043456
Epoch 167
Validation rmse = 0.042506
Epoch 168
Loss = 1.8633e-02, PNorm = 35.4670, GNorm = 0.2254, lr_0 = 2.1258e-04
Validation rmse = 0.040784
Epoch 169
Validation rmse = 0.041687
Epoch 170
Loss = 1.3295e-02, PNorm = 35.4696, GNorm = 0.3037, lr_0 = 2.0932e-04
Validation rmse = 0.040363
Epoch 171
Loss = 1.6178e-02, PNorm = 35.4728, GNorm = 0.6708, lr_0 = 2.0579e-04
Validation rmse = 0.040107
Epoch 172
Validation rmse = 0.041763
Epoch 173
Loss = 1.9972e-02, PNorm = 35.4740, GNorm = 0.2894, lr_0 = 2.0263e-04
Validation rmse = 0.042042
Epoch 174
Validation rmse = 0.043358
Epoch 175
Loss = 1.2515e-02, PNorm = 35.4797, GNorm = 0.2488, lr_0 = 1.9953e-04
Validation rmse = 0.041563
Epoch 176
Validation rmse = 0.041158
Epoch 177
Loss = 1.1328e-02, PNorm = 35.4824, GNorm = 0.1617, lr_0 = 1.9616e-04
Validation rmse = 0.040964
Epoch 178
Loss = 1.4483e-02, PNorm = 35.4851, GNorm = 0.2040, lr_0 = 1.9316e-04
Validation rmse = 0.040334
Epoch 179
Validation rmse = 0.041007
Epoch 180
Loss = 1.6007e-02, PNorm = 35.4879, GNorm = 0.3095, lr_0 = 1.8990e-04
Validation rmse = 0.041339
Epoch 181
Validation rmse = 0.042423
Epoch 182
Loss = 1.7700e-02, PNorm = 35.4925, GNorm = 0.1657, lr_0 = 1.8699e-04
Validation rmse = 0.041713
Epoch 183
Validation rmse = 0.041188
Epoch 184
Loss = 1.9181e-02, PNorm = 35.4955, GNorm = 0.1782, lr_0 = 1.8384e-04
Validation rmse = 0.041184
Epoch 185
Loss = 1.4729e-02, PNorm = 35.4986, GNorm = 0.1726, lr_0 = 1.8102e-04
Validation rmse = 0.041544
Epoch 186
Validation rmse = 0.041226
Epoch 187
Loss = 1.9171e-02, PNorm = 35.5009, GNorm = 0.2082, lr_0 = 1.7824e-04
Validation rmse = 0.042387
Epoch 188
Validation rmse = 0.041296
Epoch 189
Loss = 2.0714e-02, PNorm = 35.5025, GNorm = 0.2682, lr_0 = 1.7524e-04
Validation rmse = 0.041156
Epoch 190
Loss = 1.4930e-02, PNorm = 35.5051, GNorm = 0.2328, lr_0 = 1.7255e-04
Validation rmse = 0.041753
Epoch 191
Validation rmse = 0.042143
Epoch 192
Loss = 1.6780e-02, PNorm = 35.5074, GNorm = 0.2466, lr_0 = 1.6964e-04
Validation rmse = 0.041293
Epoch 193
Validation rmse = 0.041975
Epoch 194
Loss = 1.3134e-02, PNorm = 35.5117, GNorm = 0.1443, lr_0 = 1.6704e-04
Validation rmse = 0.042093
Epoch 195
Validation rmse = 0.041932
Epoch 196
Loss = 1.7763e-02, PNorm = 35.5129, GNorm = 0.2051, lr_0 = 1.6422e-04
Validation rmse = 0.042001
Epoch 197
Loss = 1.4613e-02, PNorm = 35.5157, GNorm = 0.4410, lr_0 = 1.6171e-04
Validation rmse = 0.042527
Epoch 198
Validation rmse = 0.042953
Epoch 199
Loss = 1.9500e-02, PNorm = 35.5169, GNorm = 0.2981, lr_0 = 1.5923e-04
Validation rmse = 0.042366
Epoch 200
Validation rmse = 0.043056
Epoch 201
Loss = 1.7850e-02, PNorm = 35.5217, GNorm = 0.3809, lr_0 = 1.5654e-04
Validation rmse = 0.043138
Epoch 202
Validation rmse = 0.043193
Epoch 203
Loss = 1.0026e-02, PNorm = 35.5217, GNorm = 0.1939, lr_0 = 1.5414e-04
Validation rmse = 0.043715
Epoch 204
Loss = 1.6327e-02, PNorm = 35.5280, GNorm = 0.4358, lr_0 = 1.5178e-04
Loss = 3.0211e-02, PNorm = 35.5285, GNorm = 0.1934, lr_0 = 1.5154e-04
Validation rmse = 0.045626
Epoch 205
Validation rmse = 0.041602
Epoch 206
Loss = 1.5012e-02, PNorm = 35.5286, GNorm = 0.3429, lr_0 = 1.4922e-04
Validation rmse = 0.041734
Epoch 207
Validation rmse = 0.042319
Epoch 208
Loss = 1.3162e-02, PNorm = 35.5328, GNorm = 0.2710, lr_0 = 1.4693e-04
Validation rmse = 0.041281
Epoch 209
Validation rmse = 0.041515
Epoch 210
Loss = 2.1333e-02, PNorm = 35.5326, GNorm = 0.2914, lr_0 = 1.4445e-04
Validation rmse = 0.042665
Epoch 211
Loss = 1.5464e-02, PNorm = 35.5355, GNorm = 0.2610, lr_0 = 1.4224e-04
Validation rmse = 0.042675
Epoch 212
Validation rmse = 0.043236
Epoch 213
Loss = 1.3069e-02, PNorm = 35.5375, GNorm = 0.1256, lr_0 = 1.3984e-04
Validation rmse = 0.044679
Epoch 214
Validation rmse = 0.043802
Epoch 215
Loss = 1.1074e-02, PNorm = 35.5394, GNorm = 0.1567, lr_0 = 1.3770e-04
Validation rmse = 0.042940
Epoch 216
Validation rmse = 0.043087
Epoch 217
Loss = 1.2254e-02, PNorm = 35.5409, GNorm = 0.2723, lr_0 = 1.3538e-04
Validation rmse = 0.046497
Epoch 218
Loss = 1.7690e-02, PNorm = 35.5462, GNorm = 0.4240, lr_0 = 1.3330e-04
Validation rmse = 0.046592
Epoch 219
Validation rmse = 0.043375
Epoch 220
Loss = 1.5679e-02, PNorm = 35.5458, GNorm = 0.1569, lr_0 = 1.3126e-04
Validation rmse = 0.043084
Epoch 221
Validation rmse = 0.042142
Epoch 222
Loss = 1.1473e-02, PNorm = 35.5469, GNorm = 0.1749, lr_0 = 1.2904e-04
Validation rmse = 0.042745
Epoch 223
Loss = 1.6666e-02, PNorm = 35.5491, GNorm = 0.2970, lr_0 = 1.2707e-04
Validation rmse = 0.042086
Epoch 224
Validation rmse = 0.042178
Epoch 225
Loss = 1.7625e-02, PNorm = 35.5519, GNorm = 0.2603, lr_0 = 1.2512e-04
Validation rmse = 0.042330
Epoch 226
Validation rmse = 0.042042
Epoch 227
Loss = 1.6403e-02, PNorm = 35.5530, GNorm = 0.1604, lr_0 = 1.2301e-04
Validation rmse = 0.041856
Epoch 228
Validation rmse = 0.040980
Epoch 229
Loss = 1.1652e-02, PNorm = 35.5547, GNorm = 0.2198, lr_0 = 1.2112e-04
Validation rmse = 0.041802
Epoch 230
Loss = 1.8914e-02, PNorm = 35.5564, GNorm = 0.1529, lr_0 = 1.1908e-04
Validation rmse = 0.041360
Epoch 231
Validation rmse = 0.041359
Epoch 232
Loss = 1.4853e-02, PNorm = 35.5584, GNorm = 0.2017, lr_0 = 1.1725e-04
Validation rmse = 0.041235
Epoch 233
Validation rmse = 0.041350
Epoch 234
Loss = 1.4797e-02, PNorm = 35.5597, GNorm = 0.3257, lr_0 = 1.1528e-04
Validation rmse = 0.040916
Epoch 235
Validation rmse = 0.041457
Epoch 236
Loss = 1.5101e-02, PNorm = 35.5623, GNorm = 0.1547, lr_0 = 1.1351e-04
Validation rmse = 0.042976
Epoch 237
Loss = 1.3211e-02, PNorm = 35.5639, GNorm = 0.1484, lr_0 = 1.1177e-04
Loss = 1.4927e-02, PNorm = 35.5638, GNorm = 0.2207, lr_0 = 1.1160e-04
Validation rmse = 0.042261
Epoch 238
Validation rmse = 0.042087
Epoch 239
Loss = 1.2839e-02, PNorm = 35.5652, GNorm = 0.2118, lr_0 = 1.0989e-04
Validation rmse = 0.041811
Epoch 240
Validation rmse = 0.041833
Epoch 241
Loss = 1.1982e-02, PNorm = 35.5668, GNorm = 0.3375, lr_0 = 1.0820e-04
Validation rmse = 0.041373
Epoch 242
Validation rmse = 0.041782
Epoch 243
Loss = 1.2725e-02, PNorm = 35.5692, GNorm = 0.1494, lr_0 = 1.0638e-04
Validation rmse = 0.042312
Epoch 244
Loss = 1.5700e-02, PNorm = 35.5694, GNorm = 0.2154, lr_0 = 1.0475e-04
Validation rmse = 0.041964
Epoch 245
Validation rmse = 0.041635
Epoch 246
Loss = 1.6175e-02, PNorm = 35.5716, GNorm = 0.5646, lr_0 = 1.0298e-04
Validation rmse = 0.041706
Epoch 247
Validation rmse = 0.041816
Epoch 248
Loss = 1.7630e-02, PNorm = 35.5725, GNorm = 0.2967, lr_0 = 1.0140e-04
Validation rmse = 0.041780
Epoch 249
Loss = 1.4588e-02, PNorm = 35.5749, GNorm = 0.1780, lr_0 = 1.0000e-04
Validation rmse = 0.042482
Epoch 250
Validation rmse = 0.041862
Epoch 251
Loss = 1.6882e-02, PNorm = 35.5772, GNorm = 0.3354, lr_0 = 1.0000e-04
Validation rmse = 0.042219
Epoch 252
Validation rmse = 0.040849
Epoch 253
Loss = 1.6871e-02, PNorm = 35.5764, GNorm = 0.2496, lr_0 = 1.0000e-04
Validation rmse = 0.040945
Epoch 254
Validation rmse = 0.040639
Epoch 255
Loss = 1.6650e-02, PNorm = 35.5790, GNorm = 0.2214, lr_0 = 1.0000e-04
Validation rmse = 0.040948
Epoch 256
Loss = 1.8966e-02, PNorm = 35.5806, GNorm = 0.2252, lr_0 = 1.0000e-04
Validation rmse = 0.041346
Epoch 257
Validation rmse = 0.041998
Epoch 258
Loss = 1.5179e-02, PNorm = 35.5812, GNorm = 0.2647, lr_0 = 1.0000e-04
Validation rmse = 0.041503
Epoch 259
Validation rmse = 0.042244
Epoch 260
Loss = 1.5980e-02, PNorm = 35.5816, GNorm = 0.1905, lr_0 = 1.0000e-04
Validation rmse = 0.041641
Epoch 261
Validation rmse = 0.041689
Epoch 262
Loss = 1.7123e-02, PNorm = 35.5834, GNorm = 0.2201, lr_0 = 1.0000e-04
Validation rmse = 0.041783
Epoch 263
Loss = 1.4485e-02, PNorm = 35.5869, GNorm = 0.1414, lr_0 = 1.0000e-04
Validation rmse = 0.042377
Epoch 264
Validation rmse = 0.041679
Epoch 265
Loss = 1.6574e-02, PNorm = 35.5875, GNorm = 0.3243, lr_0 = 1.0000e-04
Validation rmse = 0.040940
Epoch 266
Validation rmse = 0.041170
Epoch 267
Loss = 1.3527e-02, PNorm = 35.5893, GNorm = 0.2234, lr_0 = 1.0000e-04
Validation rmse = 0.041271
Epoch 268
Validation rmse = 0.041043
Epoch 269
Loss = 1.2154e-02, PNorm = 35.5901, GNorm = 0.2939, lr_0 = 1.0000e-04
Validation rmse = 0.041311
Epoch 270
Loss = 1.8882e-02, PNorm = 35.5919, GNorm = 0.1511, lr_0 = 1.0000e-04
Loss = 1.8563e-02, PNorm = 35.5923, GNorm = 0.4252, lr_0 = 1.0000e-04
Validation rmse = 0.040977
Epoch 271
Validation rmse = 0.042621
Epoch 272
Loss = 1.6474e-02, PNorm = 35.5957, GNorm = 0.3325, lr_0 = 1.0000e-04
Validation rmse = 0.042248
Epoch 273
Validation rmse = 0.041856
Epoch 274
Loss = 1.9951e-02, PNorm = 35.5970, GNorm = 0.2022, lr_0 = 1.0000e-04
Validation rmse = 0.041848
Epoch 275
Validation rmse = 0.041322
Epoch 276
Loss = 1.0801e-02, PNorm = 35.5982, GNorm = 0.1468, lr_0 = 1.0000e-04
Validation rmse = 0.042357
Epoch 277
Loss = 1.5173e-02, PNorm = 35.5996, GNorm = 0.3154, lr_0 = 1.0000e-04
Validation rmse = 0.040907
Epoch 278
Validation rmse = 0.040679
Epoch 279
Loss = 1.7247e-02, PNorm = 35.5997, GNorm = 0.2328, lr_0 = 1.0000e-04
Validation rmse = 0.040586
Epoch 280
Validation rmse = 0.041297
Epoch 281
Loss = 1.5231e-02, PNorm = 35.6018, GNorm = 0.3146, lr_0 = 1.0000e-04
Validation rmse = 0.042594
Epoch 282
Loss = 1.6732e-02, PNorm = 35.6021, GNorm = 0.2752, lr_0 = 1.0000e-04
Validation rmse = 0.042228
Epoch 283
Validation rmse = 0.042774
Epoch 284
Loss = 1.4549e-02, PNorm = 35.6027, GNorm = 0.3921, lr_0 = 1.0000e-04
Validation rmse = 0.041927
Epoch 285
Validation rmse = 0.043485
Epoch 286
Loss = 1.7830e-02, PNorm = 35.6040, GNorm = 0.2826, lr_0 = 1.0000e-04
Validation rmse = 0.041315
Epoch 287
Validation rmse = 0.041719
Epoch 288
Loss = 1.3329e-02, PNorm = 35.6066, GNorm = 0.2836, lr_0 = 1.0000e-04
Validation rmse = 0.042418
Epoch 289
Loss = 1.4579e-02, PNorm = 35.6076, GNorm = 0.2207, lr_0 = 1.0000e-04
Validation rmse = 0.041042
Epoch 290
Validation rmse = 0.041021
Epoch 291
Loss = 1.5614e-02, PNorm = 35.6084, GNorm = 0.1865, lr_0 = 1.0000e-04
Validation rmse = 0.041064
Epoch 292
Validation rmse = 0.041619
Epoch 293
Loss = 1.9658e-02, PNorm = 35.6107, GNorm = 0.3252, lr_0 = 1.0000e-04
Validation rmse = 0.041258
Epoch 294
Validation rmse = 0.041339
Epoch 295
Loss = 1.5084e-02, PNorm = 35.6115, GNorm = 0.1366, lr_0 = 1.0000e-04
Validation rmse = 0.041373
Epoch 296
Loss = 1.3241e-02, PNorm = 35.6141, GNorm = 0.4306, lr_0 = 1.0000e-04
Validation rmse = 0.041788
Epoch 297
Validation rmse = 0.041588
Epoch 298
Loss = 1.4699e-02, PNorm = 35.6142, GNorm = 0.2799, lr_0 = 1.0000e-04
Validation rmse = 0.041518
Epoch 299
Validation rmse = 0.041760
Model 0 best validation rmse = 0.040107 on epoch 171
Loading pretrained parameter "encoder.encoder.0.cached_zero_vector".
Loading pretrained parameter "encoder.encoder.0.W_i.weight".
Loading pretrained parameter "encoder.encoder.0.W_h.weight".
Loading pretrained parameter "encoder.encoder.0.W_o.weight".
Loading pretrained parameter "encoder.encoder.0.W_o.bias".
Loading pretrained parameter "ffn.1.weight".
Loading pretrained parameter "ffn.1.bias".
Loading pretrained parameter "ffn.4.weight".
Loading pretrained parameter "ffn.4.bias".
Moving model to cuda
Model 0 test rmse = 0.048183
Ensemble test rmse = 0.048183
1-fold cross validation
	Seed 0 ==> test rmse = 0.048183
Overall test rmse = 0.048183 +/- 0.000000
Elapsed time = 0:01:04
