Command line
python /home/dell/anaconda3/envs/chemprop/bin/chemprop_train --data_path SMILES-E_gap.csv --dataset_type regression --save_dir LUMO --split_size 0.8 0.1 0.1 --dropout 0.2 --target_columns LUMO --epochs 300 --gpu 0 --seed 0
Args
{'activation': 'ReLU',
 'adding_h': False,
 'aggregation': 'mean',
 'aggregation_norm': 100,
 'atom_descriptor_scaling': True,
 'atom_descriptors': None,
 'atom_descriptors_path': None,
 'atom_descriptors_size': 0,
 'atom_features_size': 0,
 'atom_messages': False,
 'batch_size': 50,
 'bias': False,
 'bias_solvent': False,
 'bond_feature_scaling': True,
 'bond_features_path': None,
 'bond_features_size': 0,
 'cache_cutoff': 10000,
 'checkpoint_dir': None,
 'checkpoint_frzn': None,
 'checkpoint_path': None,
 'checkpoint_paths': None,
 'class_balance': False,
 'config_path': None,
 'crossval_index_dir': None,
 'crossval_index_file': None,
 'crossval_index_sets': None,
 'cuda': True,
 'data_path': 'SMILES-E_gap.csv',
 'data_weights_path': None,
 'dataset_type': 'regression',
 'depth': 3,
 'depth_solvent': 3,
 'device': device(type='cuda', index=0),
 'dropout': 0.2,
 'empty_cache': False,
 'ensemble_size': 1,
 'epochs': 300,
 'evidential_regularization': 0,
 'explicit_h': False,
 'extra_metrics': [],
 'features_generator': None,
 'features_only': False,
 'features_path': None,
 'features_scaling': True,
 'features_size': None,
 'ffn_hidden_size': 300,
 'ffn_num_layers': 2,
 'final_lr': 0.0001,
 'folds_file': None,
 'freeze_first_only': False,
 'frzn_ffn_layers': 0,
 'gpu': 0,
 'grad_clip': None,
 'hidden_size': 300,
 'hidden_size_solvent': 300,
 'ignore_columns': None,
 'init_lr': 0.0001,
 'log_frequency': 10,
 'loss_function': 'mse',
 'max_data_size': None,
 'max_lr': 0.001,
 'metric': 'rmse',
 'metrics': ['rmse'],
 'minimize_score': True,
 'mpn_shared': False,
 'multiclass_num_classes': 3,
 'no_atom_descriptor_scaling': False,
 'no_bond_features_scaling': False,
 'no_cache_mol': False,
 'no_cuda': False,
 'no_features_scaling': False,
 'num_folds': 1,
 'num_lrs': 1,
 'num_tasks': 1,
 'num_workers': 8,
 'number_of_molecules': 1,
 'overwrite_default_atom_features': False,
 'overwrite_default_bond_features': False,
 'phase_features_path': None,
 'pytorch_seed': 0,
 'quiet': False,
 'reaction': False,
 'reaction_mode': 'reac_diff',
 'reaction_solvent': False,
 'resume_experiment': False,
 'save_dir': 'LUMO',
 'save_preds': False,
 'save_smiles_splits': True,
 'seed': 0,
 'separate_test_atom_descriptors_path': None,
 'separate_test_bond_features_path': None,
 'separate_test_features_path': None,
 'separate_test_path': None,
 'separate_test_phase_features_path': None,
 'separate_val_atom_descriptors_path': None,
 'separate_val_bond_features_path': None,
 'separate_val_features_path': None,
 'separate_val_path': None,
 'separate_val_phase_features_path': None,
 'show_individual_scores': False,
 'smiles_columns': ['\ufeffsmiles'],
 'spectra_activation': 'exp',
 'spectra_phase_mask_path': None,
 'spectra_target_floor': 1e-08,
 'split_key_molecule': 0,
 'split_sizes': [0.8, 0.1, 0.1],
 'split_type': 'random',
 'target_columns': ['LUMO'],
 'target_weights': None,
 'task_names': ['LUMO'],
 'test': False,
 'test_fold_index': None,
 'train_data_size': None,
 'undirected': False,
 'use_input_features': False,
 'val_fold_index': None,
 'warmup_epochs': 2.0}
Setting molecule featurization parameters to default.
Loading data
Number of tasks = 1
Fold 0
Splitting data with seed 0
Total size = 361 | train size = 288 | val size = 36 | test size = 37
Fitting scaler
Building model 0
MoleculeModel(
  (encoder): MPN(
    (encoder): ModuleList(
      (0): MPNEncoder(
        (dropout_layer): Dropout(p=0.2, inplace=False)
        (act_func): ReLU()
        (W_i): Linear(in_features=147, out_features=300, bias=False)
        (W_h): Linear(in_features=300, out_features=300, bias=False)
        (W_o): Linear(in_features=433, out_features=300, bias=True)
      )
    )
  )
  (ffn): Sequential(
    (0): Dropout(p=0.2, inplace=False)
    (1): Linear(in_features=300, out_features=300, bias=True)
    (2): ReLU()
    (3): Dropout(p=0.2, inplace=False)
    (4): Linear(in_features=300, out_features=1, bias=True)
  )
)
Number of parameters = 355,201
Moving model to cuda
Epoch 0
Validation rmse = 0.403087
Epoch 1
Loss = 1.1051e+00, PNorm = 34.0327, GNorm = 8.5560, lr_0 = 9.9691e-04
Validation rmse = 0.401874
Epoch 2
Validation rmse = 0.322172
Epoch 3
Loss = 8.7363e-01, PNorm = 34.0906, GNorm = 1.9933, lr_0 = 9.8163e-04
Validation rmse = 0.321901
Epoch 4
Validation rmse = 0.276354
Epoch 5
Loss = 5.2312e-01, PNorm = 34.1897, GNorm = 1.7914, lr_0 = 9.6508e-04
Validation rmse = 0.212821
Epoch 6
Loss = 4.1910e-01, PNorm = 34.2953, GNorm = 2.7848, lr_0 = 9.5028e-04
Validation rmse = 0.225023
Epoch 7
Validation rmse = 0.226275
Epoch 8
Loss = 3.8170e-01, PNorm = 34.3461, GNorm = 1.1587, lr_0 = 9.3571e-04
Validation rmse = 0.167168
Epoch 9
Validation rmse = 0.160550
Epoch 10
Loss = 3.3528e-01, PNorm = 34.4068, GNorm = 2.4665, lr_0 = 9.1994e-04
Validation rmse = 0.190505
Epoch 11
Validation rmse = 0.146353
Epoch 12
Loss = 3.3217e-01, PNorm = 34.4542, GNorm = 2.2232, lr_0 = 9.0583e-04
Validation rmse = 0.187704
Epoch 13
Loss = 2.9426e-01, PNorm = 34.5101, GNorm = 0.9344, lr_0 = 8.9056e-04
Validation rmse = 0.158059
Epoch 14
Validation rmse = 0.156654
Epoch 15
Loss = 2.9054e-01, PNorm = 34.5565, GNorm = 3.1882, lr_0 = 8.7691e-04
Validation rmse = 0.178073
Epoch 16
Validation rmse = 0.136602
Epoch 17
Loss = 2.8422e-01, PNorm = 34.6144, GNorm = 0.9650, lr_0 = 8.6213e-04
Validation rmse = 0.147649
Epoch 18
Validation rmse = 0.154264
Epoch 19
Loss = 1.7458e-01, PNorm = 34.6715, GNorm = 1.0782, lr_0 = 8.4890e-04
Validation rmse = 0.129745
Epoch 20
Loss = 2.4473e-01, PNorm = 34.7243, GNorm = 1.3495, lr_0 = 8.3589e-04
Loss = 1.9654e-01, PNorm = 34.7304, GNorm = 0.5781, lr_0 = 8.3460e-04
Validation rmse = 0.147792
Epoch 21
Validation rmse = 0.131837
Epoch 22
Loss = 1.7357e-01, PNorm = 34.7958, GNorm = 0.6376, lr_0 = 8.2180e-04
Validation rmse = 0.130612
Epoch 23
Validation rmse = 0.140777
Epoch 24
Loss = 2.0044e-01, PNorm = 34.8606, GNorm = 0.7016, lr_0 = 8.0920e-04
Validation rmse = 0.128138
Epoch 25
Validation rmse = 0.122128
Epoch 26
Loss = 2.0277e-01, PNorm = 34.9426, GNorm = 1.0931, lr_0 = 7.9556e-04
Validation rmse = 0.130471
Epoch 27
Loss = 1.8061e-01, PNorm = 35.0130, GNorm = 0.6605, lr_0 = 7.8336e-04
Validation rmse = 0.121144
Epoch 28
Validation rmse = 0.120660
Epoch 29
Loss = 1.7819e-01, PNorm = 35.0911, GNorm = 0.9115, lr_0 = 7.7134e-04
Validation rmse = 0.135877
Epoch 30
Validation rmse = 0.124539
Epoch 31
Loss = 1.4643e-01, PNorm = 35.1803, GNorm = 0.5758, lr_0 = 7.5834e-04
Validation rmse = 0.121678
Epoch 32
Loss = 1.6916e-01, PNorm = 35.2648, GNorm = 0.7040, lr_0 = 7.4671e-04
Validation rmse = 0.120135
Epoch 33
Validation rmse = 0.146669
Epoch 34
Loss = 1.6897e-01, PNorm = 35.3667, GNorm = 0.7252, lr_0 = 7.3413e-04
Validation rmse = 0.116086
Epoch 35
Validation rmse = 0.117739
Epoch 36
Loss = 1.8925e-01, PNorm = 35.4510, GNorm = 1.9467, lr_0 = 7.2287e-04
Validation rmse = 0.139655
Epoch 37
Validation rmse = 0.114890
Epoch 38
Loss = 1.2385e-01, PNorm = 35.5559, GNorm = 0.6157, lr_0 = 7.1069e-04
Validation rmse = 0.112984
Epoch 39
Loss = 1.4237e-01, PNorm = 35.6494, GNorm = 0.6791, lr_0 = 6.9979e-04
Validation rmse = 0.114540
Epoch 40
Validation rmse = 0.111954
Epoch 41
Loss = 1.0561e-01, PNorm = 35.7359, GNorm = 0.5826, lr_0 = 6.8906e-04
Validation rmse = 0.115089
Epoch 42
Validation rmse = 0.121635
Epoch 43
Loss = 1.0323e-01, PNorm = 35.8354, GNorm = 1.1999, lr_0 = 6.7744e-04
Validation rmse = 0.107306
Epoch 44
Validation rmse = 0.104947
Epoch 45
Loss = 1.5428e-01, PNorm = 35.9226, GNorm = 2.1395, lr_0 = 6.6705e-04
Validation rmse = 0.121253
Epoch 46
Loss = 1.3101e-01, PNorm = 36.0159, GNorm = 1.1500, lr_0 = 6.5581e-04
Validation rmse = 0.107218
Epoch 47
Validation rmse = 0.107170
Epoch 48
Loss = 1.1019e-01, PNorm = 36.0955, GNorm = 1.0641, lr_0 = 6.4575e-04
Validation rmse = 0.106546
Epoch 49
Validation rmse = 0.113577
Epoch 50
Loss = 1.0359e-01, PNorm = 36.1684, GNorm = 0.4291, lr_0 = 6.3585e-04
Validation rmse = 0.104592
Epoch 51
Validation rmse = 0.100838
Epoch 52
Loss = 6.5492e-02, PNorm = 36.2488, GNorm = 0.6163, lr_0 = 6.2513e-04
Validation rmse = 0.118584
Epoch 53
Loss = 9.8797e-02, PNorm = 36.3182, GNorm = 1.3384, lr_0 = 6.1555e-04
Validation rmse = 0.106358
Epoch 54
Validation rmse = 0.101854
Epoch 55
Loss = 9.0460e-02, PNorm = 36.3891, GNorm = 0.7101, lr_0 = 6.0517e-04
Validation rmse = 0.108546
Epoch 56
Validation rmse = 0.104611
Epoch 57
Loss = 7.4707e-02, PNorm = 36.4529, GNorm = 0.4269, lr_0 = 5.9589e-04
Validation rmse = 0.106249
Epoch 58
Validation rmse = 0.109524
Epoch 59
Loss = 5.5535e-02, PNorm = 36.5216, GNorm = 0.6515, lr_0 = 5.8585e-04
Validation rmse = 0.105308
Epoch 60
Loss = 7.6308e-02, PNorm = 36.5835, GNorm = 0.9848, lr_0 = 5.7686e-04
Validation rmse = 0.104551
Epoch 61
Validation rmse = 0.103982
Epoch 62
Loss = 7.5999e-02, PNorm = 36.6460, GNorm = 0.4868, lr_0 = 5.6802e-04
Validation rmse = 0.100373
Epoch 63
Validation rmse = 0.098365
Epoch 64
Loss = 7.3347e-02, PNorm = 36.7168, GNorm = 0.3462, lr_0 = 5.5844e-04
Validation rmse = 0.108199
Epoch 65
Loss = 6.6458e-02, PNorm = 36.7603, GNorm = 1.1870, lr_0 = 5.4988e-04
Validation rmse = 0.114901
Epoch 66
Validation rmse = 0.100957
Epoch 67
Loss = 6.5098e-02, PNorm = 36.8011, GNorm = 1.4423, lr_0 = 5.4061e-04
Validation rmse = 0.108102
Epoch 68
Validation rmse = 0.099073
Epoch 69
Loss = 6.2067e-02, PNorm = 36.8374, GNorm = 0.8566, lr_0 = 5.3232e-04
Validation rmse = 0.099088
Epoch 70
Validation rmse = 0.102629
Epoch 71
Loss = 6.0782e-02, PNorm = 36.8790, GNorm = 0.7533, lr_0 = 5.2335e-04
Validation rmse = 0.101810
Epoch 72
Loss = 5.4695e-02, PNorm = 36.9240, GNorm = 0.7876, lr_0 = 5.1532e-04
Validation rmse = 0.103845
Epoch 73
Validation rmse = 0.098058
Epoch 74
Loss = 6.0733e-02, PNorm = 36.9572, GNorm = 0.8846, lr_0 = 5.0742e-04
Validation rmse = 0.102357
Epoch 75
Validation rmse = 0.097536
Epoch 76
Loss = 4.9901e-02, PNorm = 36.9980, GNorm = 1.3238, lr_0 = 4.9887e-04
Validation rmse = 0.102588
Epoch 77
Validation rmse = 0.107063
Epoch 78
Loss = 3.4291e-02, PNorm = 37.0275, GNorm = 0.5245, lr_0 = 4.9122e-04
Validation rmse = 0.098159
Epoch 79
Loss = 5.6871e-02, PNorm = 37.0496, GNorm = 0.2530, lr_0 = 4.8369e-04
Loss = 5.7737e-02, PNorm = 37.0518, GNorm = 0.6910, lr_0 = 4.8294e-04
Validation rmse = 0.104798
Epoch 80
Validation rmse = 0.099266
Epoch 81
Loss = 4.8229e-02, PNorm = 37.0814, GNorm = 0.5777, lr_0 = 4.7553e-04
Validation rmse = 0.100597
Epoch 82
Validation rmse = 0.099837
Epoch 83
Loss = 5.0644e-02, PNorm = 37.1041, GNorm = 0.2753, lr_0 = 4.6824e-04
Validation rmse = 0.103516
Epoch 84
Validation rmse = 0.098942
Epoch 85
Loss = 4.4296e-02, PNorm = 37.1260, GNorm = 0.5056, lr_0 = 4.6035e-04
Validation rmse = 0.100185
Epoch 86
Loss = 4.5777e-02, PNorm = 37.1394, GNorm = 0.3596, lr_0 = 4.5329e-04
Validation rmse = 0.098280
Epoch 87
Validation rmse = 0.107204
Epoch 88
Loss = 4.6744e-02, PNorm = 37.1571, GNorm = 0.6382, lr_0 = 4.4565e-04
Validation rmse = 0.101307
Epoch 89
Validation rmse = 0.100262
Epoch 90
Loss = 5.5754e-02, PNorm = 37.1764, GNorm = 0.4562, lr_0 = 4.3882e-04
Validation rmse = 0.103652
Epoch 91
Validation rmse = 0.097266
Epoch 92
Loss = 3.6293e-02, PNorm = 37.1874, GNorm = 0.4668, lr_0 = 4.3142e-04
Validation rmse = 0.098165
Epoch 93
Loss = 4.2962e-02, PNorm = 37.1944, GNorm = 0.4064, lr_0 = 4.2480e-04
Validation rmse = 0.101655
Epoch 94
Validation rmse = 0.098381
Epoch 95
Loss = 3.5208e-02, PNorm = 37.2072, GNorm = 0.2869, lr_0 = 4.1829e-04
Validation rmse = 0.099805
Epoch 96
Validation rmse = 0.099274
Epoch 97
Loss = 4.8460e-02, PNorm = 37.2226, GNorm = 0.4432, lr_0 = 4.1124e-04
Validation rmse = 0.099485
Epoch 98
Loss = 4.8834e-02, PNorm = 37.2370, GNorm = 0.4364, lr_0 = 4.0493e-04
Validation rmse = 0.099947
Epoch 99
Validation rmse = 0.101020
Epoch 100
Loss = 4.6206e-02, PNorm = 37.2515, GNorm = 0.5471, lr_0 = 3.9872e-04
Validation rmse = 0.105574
Epoch 101
Validation rmse = 0.098150
Epoch 102
Loss = 4.8995e-02, PNorm = 37.2702, GNorm = 0.4928, lr_0 = 3.9200e-04
Validation rmse = 0.100901
Epoch 103
Validation rmse = 0.102158
Epoch 104
Loss = 3.6813e-02, PNorm = 37.2795, GNorm = 0.7112, lr_0 = 3.8599e-04
Validation rmse = 0.099430
Epoch 105
Loss = 4.1891e-02, PNorm = 37.2903, GNorm = 0.7325, lr_0 = 3.7949e-04
Validation rmse = 0.101031
Epoch 106
Validation rmse = 0.103076
Epoch 107
Loss = 3.7298e-02, PNorm = 37.3043, GNorm = 0.6020, lr_0 = 3.7367e-04
Validation rmse = 0.100459
Epoch 108
Validation rmse = 0.101503
Epoch 109
Loss = 3.6563e-02, PNorm = 37.3090, GNorm = 0.5023, lr_0 = 3.6737e-04
Validation rmse = 0.099780
Epoch 110
Validation rmse = 0.101340
Epoch 111
Loss = 3.2178e-02, PNorm = 37.3170, GNorm = 0.2412, lr_0 = 3.6173e-04
Validation rmse = 0.101271
Epoch 112
Loss = 4.2125e-02, PNorm = 37.3230, GNorm = 0.3003, lr_0 = 3.5619e-04
Loss = 3.9838e-02, PNorm = 37.3241, GNorm = 0.8446, lr_0 = 3.5564e-04
Validation rmse = 0.101458
Epoch 113
Validation rmse = 0.102096
Epoch 114
Loss = 4.4910e-02, PNorm = 37.3322, GNorm = 0.3960, lr_0 = 3.5018e-04
Validation rmse = 0.101544
Epoch 115
Validation rmse = 0.098167
Epoch 116
Loss = 3.5037e-02, PNorm = 37.3439, GNorm = 0.1779, lr_0 = 3.4481e-04
Validation rmse = 0.098509
Epoch 117
Validation rmse = 0.099762
Epoch 118
Loss = 3.0880e-02, PNorm = 37.3537, GNorm = 0.2744, lr_0 = 3.3900e-04
Validation rmse = 0.099059
Epoch 119
Loss = 4.2517e-02, PNorm = 37.3596, GNorm = 0.3732, lr_0 = 3.3380e-04
Validation rmse = 0.104658
Epoch 120
Validation rmse = 0.102946
Epoch 121
Loss = 3.4739e-02, PNorm = 37.3663, GNorm = 0.3074, lr_0 = 3.2818e-04
Validation rmse = 0.101251
Epoch 122
Validation rmse = 0.100331
Epoch 123
Loss = 3.3762e-02, PNorm = 37.3690, GNorm = 0.2792, lr_0 = 3.2314e-04
Validation rmse = 0.100819
Epoch 124
Loss = 3.9312e-02, PNorm = 37.3712, GNorm = 0.4134, lr_0 = 3.1819e-04
Validation rmse = 0.101211
Epoch 125
Validation rmse = 0.098493
Epoch 126
Loss = 4.0117e-02, PNorm = 37.3756, GNorm = 0.6099, lr_0 = 3.1283e-04
Validation rmse = 0.100160
Epoch 127
Validation rmse = 0.099538
Epoch 128
Loss = 4.4566e-02, PNorm = 37.3834, GNorm = 0.6670, lr_0 = 3.0803e-04
Validation rmse = 0.104276
Epoch 129
Validation rmse = 0.099555
Epoch 130
Loss = 3.5329e-02, PNorm = 37.3859, GNorm = 0.5396, lr_0 = 3.0284e-04
Validation rmse = 0.102815
Epoch 131
Loss = 4.3648e-02, PNorm = 37.3911, GNorm = 0.6796, lr_0 = 2.9819e-04
Validation rmse = 0.100206
Epoch 132
Validation rmse = 0.101326
Epoch 133
Loss = 3.5085e-02, PNorm = 37.3960, GNorm = 0.4051, lr_0 = 2.9362e-04
Validation rmse = 0.100902
Epoch 134
Validation rmse = 0.099986
Epoch 135
Loss = 3.4430e-02, PNorm = 37.4038, GNorm = 0.1951, lr_0 = 2.8867e-04
Validation rmse = 0.097978
Epoch 136
Validation rmse = 0.099811
Epoch 137
Loss = 3.8075e-02, PNorm = 37.4087, GNorm = 0.7927, lr_0 = 2.8424e-04
Validation rmse = 0.101646
Epoch 138
Loss = 3.7089e-02, PNorm = 37.4157, GNorm = 0.3850, lr_0 = 2.7945e-04
Validation rmse = 0.099053
Epoch 139
Validation rmse = 0.101885
Epoch 140
Loss = 4.4153e-02, PNorm = 37.4219, GNorm = 0.4605, lr_0 = 2.7517e-04
Validation rmse = 0.097335
Epoch 141
Validation rmse = 0.098050
Epoch 142
Loss = 3.5461e-02, PNorm = 37.4260, GNorm = 0.4876, lr_0 = 2.7053e-04
Validation rmse = 0.099437
Epoch 143
Validation rmse = 0.101720
Epoch 144
Loss = 6.4796e-02, PNorm = 37.4287, GNorm = 0.5577, lr_0 = 2.6638e-04
Validation rmse = 0.100695
Epoch 145
Loss = 4.3267e-02, PNorm = 37.4371, GNorm = 0.8889, lr_0 = 2.6230e-04
Loss = 1.2319e-02, PNorm = 37.4375, GNorm = 0.3052, lr_0 = 2.6189e-04
Validation rmse = 0.100920
Epoch 146
Validation rmse = 0.100502
Epoch 147
Loss = 3.8039e-02, PNorm = 37.4443, GNorm = 0.3267, lr_0 = 2.5788e-04
Validation rmse = 0.096270
Epoch 148
Validation rmse = 0.097351
Epoch 149
Loss = 4.8066e-02, PNorm = 37.4500, GNorm = 0.5583, lr_0 = 2.5392e-04
Validation rmse = 0.099062
Epoch 150
Validation rmse = 0.099563
Epoch 151
Loss = 2.8001e-02, PNorm = 37.4543, GNorm = 0.3070, lr_0 = 2.4964e-04
Validation rmse = 0.103123
Epoch 152
Loss = 3.5405e-02, PNorm = 37.4537, GNorm = 0.4554, lr_0 = 2.4581e-04
Validation rmse = 0.101813
Epoch 153
Validation rmse = 0.101588
Epoch 154
Loss = 4.0392e-02, PNorm = 37.4553, GNorm = 0.4223, lr_0 = 2.4204e-04
Validation rmse = 0.099675
Epoch 155
Validation rmse = 0.098971
Epoch 156
Loss = 4.1648e-02, PNorm = 37.4567, GNorm = 0.3112, lr_0 = 2.3796e-04
Validation rmse = 0.099346
Epoch 157
Loss = 3.6232e-02, PNorm = 37.4621, GNorm = 0.4554, lr_0 = 2.3431e-04
Validation rmse = 0.101135
Epoch 158
Validation rmse = 0.101282
Epoch 159
Loss = 3.7571e-02, PNorm = 37.4677, GNorm = 0.4542, lr_0 = 2.3036e-04
Validation rmse = 0.102287
Epoch 160
Validation rmse = 0.101860
Epoch 161
Loss = 3.4682e-02, PNorm = 37.4719, GNorm = 0.5788, lr_0 = 2.2683e-04
Validation rmse = 0.101648
Epoch 162
Validation rmse = 0.101579
Epoch 163
Loss = 3.3747e-02, PNorm = 37.4769, GNorm = 0.5464, lr_0 = 2.2301e-04
Validation rmse = 0.097860
Epoch 164
Loss = 3.8919e-02, PNorm = 37.4840, GNorm = 0.2741, lr_0 = 2.1959e-04
Validation rmse = 0.098074
Epoch 165
Validation rmse = 0.098456
Epoch 166
Loss = 3.8929e-02, PNorm = 37.4903, GNorm = 0.4075, lr_0 = 2.1622e-04
Validation rmse = 0.097516
Epoch 167
Validation rmse = 0.100032
Epoch 168
Loss = 3.6015e-02, PNorm = 37.4891, GNorm = 0.2862, lr_0 = 2.1258e-04
Validation rmse = 0.101134
Epoch 169
Validation rmse = 0.098078
Epoch 170
Loss = 2.8675e-02, PNorm = 37.4945, GNorm = 0.4051, lr_0 = 2.0932e-04
Validation rmse = 0.098936
Epoch 171
Loss = 3.3673e-02, PNorm = 37.4976, GNorm = 0.3585, lr_0 = 2.0579e-04
Validation rmse = 0.099721
Epoch 172
Validation rmse = 0.100516
Epoch 173
Loss = 3.5685e-02, PNorm = 37.4972, GNorm = 0.5500, lr_0 = 2.0263e-04
Validation rmse = 0.098805
Epoch 174
Validation rmse = 0.098278
Epoch 175
Loss = 2.6585e-02, PNorm = 37.5007, GNorm = 0.3746, lr_0 = 1.9953e-04
Validation rmse = 0.100170
Epoch 176
Validation rmse = 0.098931
Epoch 177
Loss = 2.2643e-02, PNorm = 37.5038, GNorm = 0.4340, lr_0 = 1.9616e-04
Validation rmse = 0.097737
Epoch 178
Loss = 3.0294e-02, PNorm = 37.5069, GNorm = 0.3640, lr_0 = 1.9316e-04
Validation rmse = 0.099674
Epoch 179
Validation rmse = 0.099681
Epoch 180
Loss = 3.1680e-02, PNorm = 37.5120, GNorm = 0.5579, lr_0 = 1.8990e-04
Validation rmse = 0.100748
Epoch 181
Validation rmse = 0.098409
Epoch 182
Loss = 3.2508e-02, PNorm = 37.5155, GNorm = 0.2181, lr_0 = 1.8699e-04
Validation rmse = 0.097393
Epoch 183
Validation rmse = 0.098621
Epoch 184
Loss = 4.1003e-02, PNorm = 37.5203, GNorm = 0.3779, lr_0 = 1.8384e-04
Validation rmse = 0.097777
Epoch 185
Loss = 3.4642e-02, PNorm = 37.5264, GNorm = 0.4680, lr_0 = 1.8102e-04
Validation rmse = 0.100086
Epoch 186
Validation rmse = 0.098326
Epoch 187
Loss = 4.1176e-02, PNorm = 37.5309, GNorm = 0.5332, lr_0 = 1.7824e-04
Validation rmse = 0.099832
Epoch 188
Validation rmse = 0.099369
Epoch 189
Loss = 4.9581e-02, PNorm = 37.5347, GNorm = 0.3652, lr_0 = 1.7524e-04
Validation rmse = 0.098959
Epoch 190
Loss = 3.6487e-02, PNorm = 37.5366, GNorm = 0.4427, lr_0 = 1.7255e-04
Validation rmse = 0.099516
Epoch 191
Validation rmse = 0.097869
Epoch 192
Loss = 4.1826e-02, PNorm = 37.5373, GNorm = 0.2924, lr_0 = 1.6964e-04
Validation rmse = 0.100711
Epoch 193
Validation rmse = 0.098991
Epoch 194
Loss = 2.8259e-02, PNorm = 37.5403, GNorm = 0.2652, lr_0 = 1.6704e-04
Validation rmse = 0.098670
Epoch 195
Validation rmse = 0.101320
Epoch 196
Loss = 3.2086e-02, PNorm = 37.5419, GNorm = 0.2071, lr_0 = 1.6422e-04
Validation rmse = 0.101627
Epoch 197
Loss = 3.1507e-02, PNorm = 37.5453, GNorm = 0.3499, lr_0 = 1.6171e-04
Validation rmse = 0.101154
Epoch 198
Validation rmse = 0.101678
Epoch 199
Loss = 3.3747e-02, PNorm = 37.5480, GNorm = 0.3497, lr_0 = 1.5923e-04
Validation rmse = 0.101668
Epoch 200
Validation rmse = 0.101019
Epoch 201
Loss = 3.5856e-02, PNorm = 37.5532, GNorm = 0.3937, lr_0 = 1.5654e-04
Validation rmse = 0.099449
Epoch 202
Validation rmse = 0.101871
Epoch 203
Loss = 2.1369e-02, PNorm = 37.5533, GNorm = 0.3295, lr_0 = 1.5414e-04
Validation rmse = 0.101559
Epoch 204
Loss = 3.4694e-02, PNorm = 37.5579, GNorm = 0.5804, lr_0 = 1.5178e-04
Loss = 5.7664e-02, PNorm = 37.5583, GNorm = 0.3429, lr_0 = 1.5154e-04
Validation rmse = 0.098855
Epoch 205
Validation rmse = 0.099628
Epoch 206
Loss = 3.8850e-02, PNorm = 37.5592, GNorm = 0.5528, lr_0 = 1.4922e-04
Validation rmse = 0.101915
Epoch 207
Validation rmse = 0.097954
Epoch 208
Loss = 2.6513e-02, PNorm = 37.5651, GNorm = 0.2092, lr_0 = 1.4693e-04
Validation rmse = 0.097662
Epoch 209
Validation rmse = 0.098966
Epoch 210
Loss = 2.9203e-02, PNorm = 37.5663, GNorm = 0.2930, lr_0 = 1.4445e-04
Validation rmse = 0.101990
Epoch 211
Loss = 2.9500e-02, PNorm = 37.5693, GNorm = 0.3336, lr_0 = 1.4224e-04
Validation rmse = 0.099890
Epoch 212
Validation rmse = 0.098979
Epoch 213
Loss = 3.5894e-02, PNorm = 37.5727, GNorm = 0.4161, lr_0 = 1.3984e-04
Validation rmse = 0.099608
Epoch 214
Validation rmse = 0.100351
Epoch 215
Loss = 3.0253e-02, PNorm = 37.5722, GNorm = 0.2768, lr_0 = 1.3770e-04
Validation rmse = 0.100574
Epoch 216
Validation rmse = 0.099121
Epoch 217
Loss = 2.9628e-02, PNorm = 37.5745, GNorm = 0.3345, lr_0 = 1.3538e-04
Validation rmse = 0.101830
Epoch 218
Loss = 3.7691e-02, PNorm = 37.5782, GNorm = 0.6051, lr_0 = 1.3330e-04
Validation rmse = 0.099444
Epoch 219
Validation rmse = 0.097250
Epoch 220
Loss = 4.3786e-02, PNorm = 37.5794, GNorm = 0.3721, lr_0 = 1.3126e-04
Validation rmse = 0.098302
Epoch 221
Validation rmse = 0.099919
Epoch 222
Loss = 2.6437e-02, PNorm = 37.5794, GNorm = 0.2460, lr_0 = 1.2904e-04
Validation rmse = 0.098605
Epoch 223
Loss = 3.0121e-02, PNorm = 37.5792, GNorm = 0.2451, lr_0 = 1.2707e-04
Validation rmse = 0.100053
Epoch 224
Validation rmse = 0.099774
Epoch 225
Loss = 3.2386e-02, PNorm = 37.5822, GNorm = 0.1994, lr_0 = 1.2512e-04
Validation rmse = 0.097776
Epoch 226
Validation rmse = 0.099044
Epoch 227
Loss = 3.5612e-02, PNorm = 37.5852, GNorm = 0.2151, lr_0 = 1.2301e-04
Validation rmse = 0.098812
Epoch 228
Validation rmse = 0.098769
Epoch 229
Loss = 2.4411e-02, PNorm = 37.5879, GNorm = 0.2976, lr_0 = 1.2112e-04
Validation rmse = 0.097800
Epoch 230
Loss = 3.4581e-02, PNorm = 37.5902, GNorm = 0.3771, lr_0 = 1.1908e-04
Validation rmse = 0.099810
Epoch 231
Validation rmse = 0.098540
Epoch 232
Loss = 3.4366e-02, PNorm = 37.5921, GNorm = 0.2413, lr_0 = 1.1725e-04
Validation rmse = 0.097606
Epoch 233
Validation rmse = 0.098134
Epoch 234
Loss = 2.5375e-02, PNorm = 37.5947, GNorm = 0.3903, lr_0 = 1.1528e-04
Validation rmse = 0.095979
Epoch 235
Validation rmse = 0.096849
Epoch 236
Loss = 2.6959e-02, PNorm = 37.5967, GNorm = 0.2116, lr_0 = 1.1351e-04
Validation rmse = 0.098259
Epoch 237
Loss = 3.2917e-02, PNorm = 37.6007, GNorm = 0.3499, lr_0 = 1.1177e-04
Loss = 2.5500e-02, PNorm = 37.6010, GNorm = 0.2536, lr_0 = 1.1160e-04
Validation rmse = 0.098099
Epoch 238
Validation rmse = 0.099313
Epoch 239
Loss = 2.7875e-02, PNorm = 37.6040, GNorm = 0.2181, lr_0 = 1.0989e-04
Validation rmse = 0.098120
Epoch 240
Validation rmse = 0.098722
Epoch 241
Loss = 2.5207e-02, PNorm = 37.6065, GNorm = 0.3722, lr_0 = 1.0820e-04
Validation rmse = 0.097876
Epoch 242
Validation rmse = 0.099861
Epoch 243
Loss = 3.9051e-02, PNorm = 37.6093, GNorm = 0.6945, lr_0 = 1.0638e-04
Validation rmse = 0.099022
Epoch 244
Loss = 3.3383e-02, PNorm = 37.6104, GNorm = 0.1952, lr_0 = 1.0475e-04
Validation rmse = 0.097038
Epoch 245
Validation rmse = 0.097790
Epoch 246
Loss = 3.2679e-02, PNorm = 37.6128, GNorm = 0.5794, lr_0 = 1.0298e-04
Validation rmse = 0.099026
Epoch 247
Validation rmse = 0.098209
Epoch 248
Loss = 5.1513e-02, PNorm = 37.6144, GNorm = 0.2538, lr_0 = 1.0140e-04
Validation rmse = 0.097376
Epoch 249
Loss = 2.8141e-02, PNorm = 37.6169, GNorm = 0.5132, lr_0 = 1.0000e-04
Validation rmse = 0.098227
Epoch 250
Validation rmse = 0.097427
Epoch 251
Loss = 3.3248e-02, PNorm = 37.6197, GNorm = 0.5277, lr_0 = 1.0000e-04
Validation rmse = 0.097566
Epoch 252
Validation rmse = 0.098740
Epoch 253
Loss = 4.0899e-02, PNorm = 37.6211, GNorm = 0.3959, lr_0 = 1.0000e-04
Validation rmse = 0.097753
Epoch 254
Validation rmse = 0.097392
Epoch 255
Loss = 4.3733e-02, PNorm = 37.6251, GNorm = 0.4238, lr_0 = 1.0000e-04
Validation rmse = 0.098764
Epoch 256
Loss = 3.3232e-02, PNorm = 37.6283, GNorm = 0.2422, lr_0 = 1.0000e-04
Validation rmse = 0.099157
Epoch 257
Validation rmse = 0.097992
Epoch 258
Loss = 3.0581e-02, PNorm = 37.6305, GNorm = 0.1699, lr_0 = 1.0000e-04
Validation rmse = 0.098541
Epoch 259
Validation rmse = 0.099802
Epoch 260
Loss = 2.6378e-02, PNorm = 37.6313, GNorm = 0.2713, lr_0 = 1.0000e-04
Validation rmse = 0.098286
Epoch 261
Validation rmse = 0.097781
Epoch 262
Loss = 2.7227e-02, PNorm = 37.6328, GNorm = 0.3107, lr_0 = 1.0000e-04
Validation rmse = 0.097764
Epoch 263
Loss = 2.9614e-02, PNorm = 37.6344, GNorm = 0.3108, lr_0 = 1.0000e-04
Validation rmse = 0.098027
Epoch 264
Validation rmse = 0.097073
Epoch 265
Loss = 3.3060e-02, PNorm = 37.6358, GNorm = 0.4830, lr_0 = 1.0000e-04
Validation rmse = 0.097133
Epoch 266
Validation rmse = 0.098121
Epoch 267
Loss = 2.9476e-02, PNorm = 37.6386, GNorm = 0.2531, lr_0 = 1.0000e-04
Validation rmse = 0.097482
Epoch 268
Validation rmse = 0.097481
Epoch 269
Loss = 3.2831e-02, PNorm = 37.6408, GNorm = 0.2681, lr_0 = 1.0000e-04
Validation rmse = 0.099513
Epoch 270
Loss = 3.4625e-02, PNorm = 37.6432, GNorm = 0.5524, lr_0 = 1.0000e-04
Loss = 4.5680e-02, PNorm = 37.6436, GNorm = 0.4193, lr_0 = 1.0000e-04
Validation rmse = 0.097760
Epoch 271
Validation rmse = 0.096161
Epoch 272
Loss = 3.3059e-02, PNorm = 37.6447, GNorm = 0.3261, lr_0 = 1.0000e-04
Validation rmse = 0.096977
Epoch 273
Validation rmse = 0.097655
Epoch 274
Loss = 4.0578e-02, PNorm = 37.6444, GNorm = 0.4484, lr_0 = 1.0000e-04
Validation rmse = 0.097202
Epoch 275
Validation rmse = 0.097653
Epoch 276
Loss = 2.8589e-02, PNorm = 37.6457, GNorm = 0.3974, lr_0 = 1.0000e-04
Validation rmse = 0.097609
Epoch 277
Loss = 3.2680e-02, PNorm = 37.6481, GNorm = 0.2972, lr_0 = 1.0000e-04
Validation rmse = 0.097318
Epoch 278
Validation rmse = 0.097104
Epoch 279
Loss = 3.7721e-02, PNorm = 37.6486, GNorm = 0.4950, lr_0 = 1.0000e-04
Validation rmse = 0.097966
Epoch 280
Validation rmse = 0.099372
Epoch 281
Loss = 2.6726e-02, PNorm = 37.6499, GNorm = 0.3180, lr_0 = 1.0000e-04
Validation rmse = 0.096795
Epoch 282
Loss = 3.0003e-02, PNorm = 37.6526, GNorm = 0.3432, lr_0 = 1.0000e-04
Validation rmse = 0.096456
Epoch 283
Validation rmse = 0.098232
Epoch 284
Loss = 3.0020e-02, PNorm = 37.6544, GNorm = 0.3610, lr_0 = 1.0000e-04
Validation rmse = 0.097944
Epoch 285
Validation rmse = 0.098464
Epoch 286
Loss = 3.3589e-02, PNorm = 37.6568, GNorm = 0.4327, lr_0 = 1.0000e-04
Validation rmse = 0.098205
Epoch 287
Validation rmse = 0.097600
Epoch 288
Loss = 2.8515e-02, PNorm = 37.6613, GNorm = 0.2931, lr_0 = 1.0000e-04
Validation rmse = 0.098427
Epoch 289
Loss = 3.1297e-02, PNorm = 37.6621, GNorm = 0.2346, lr_0 = 1.0000e-04
Validation rmse = 0.098565
Epoch 290
Validation rmse = 0.098783
Epoch 291
Loss = 3.6011e-02, PNorm = 37.6620, GNorm = 0.3958, lr_0 = 1.0000e-04
Validation rmse = 0.098966
Epoch 292
Validation rmse = 0.099077
Epoch 293
Loss = 3.5149e-02, PNorm = 37.6638, GNorm = 0.3733, lr_0 = 1.0000e-04
Validation rmse = 0.097122
Epoch 294
Validation rmse = 0.097248
Epoch 295
Loss = 6.3637e-02, PNorm = 37.6635, GNorm = 0.3197, lr_0 = 1.0000e-04
Validation rmse = 0.096187
Epoch 296
Loss = 3.1311e-02, PNorm = 37.6635, GNorm = 0.4768, lr_0 = 1.0000e-04
Validation rmse = 0.095283
Epoch 297
Validation rmse = 0.096619
Epoch 298
Loss = 3.9273e-02, PNorm = 37.6619, GNorm = 0.1956, lr_0 = 1.0000e-04
Validation rmse = 0.097332
Epoch 299
Validation rmse = 0.097060
Model 0 best validation rmse = 0.095283 on epoch 296
Loading pretrained parameter "encoder.encoder.0.cached_zero_vector".
Loading pretrained parameter "encoder.encoder.0.W_i.weight".
Loading pretrained parameter "encoder.encoder.0.W_h.weight".
Loading pretrained parameter "encoder.encoder.0.W_o.weight".
Loading pretrained parameter "encoder.encoder.0.W_o.bias".
Loading pretrained parameter "ffn.1.weight".
Loading pretrained parameter "ffn.1.bias".
Loading pretrained parameter "ffn.4.weight".
Loading pretrained parameter "ffn.4.bias".
Moving model to cuda
Model 0 test rmse = 0.033149
Ensemble test rmse = 0.033149
1-fold cross validation
	Seed 0 ==> test rmse = 0.033149
Overall test rmse = 0.033149 +/- 0.000000
Elapsed time = 0:01:05
